2021-09-15 14:11:50.142 ERROR 12956 --- [Druid-ConnectionPool-Create-560165559] com.alibaba.druid.pool.DruidDataSource   : create connection SQLException, url: jdbc:mysql://localhost:3306/information_collect?useUnicode=true&characterEncoding=utf-8&serverTimezone=Asia/Shanghai, errorCode 1045, state 28000

java.sql.SQLException: Access denied for user 'root'@'localhost' (using password: YES)
	at com.mysql.cj.jdbc.exceptions.SQLError.createSQLException(SQLError.java:129)
	at com.mysql.cj.jdbc.exceptions.SQLError.createSQLException(SQLError.java:97)
	at com.mysql.cj.jdbc.exceptions.SQLExceptionsMapping.translateException(SQLExceptionsMapping.java:122)
	at com.mysql.cj.jdbc.ConnectionImpl.createNewIO(ConnectionImpl.java:835)
	at com.mysql.cj.jdbc.ConnectionImpl.<init>(ConnectionImpl.java:455)
	at com.mysql.cj.jdbc.ConnectionImpl.getInstance(ConnectionImpl.java:240)
	at com.mysql.cj.jdbc.NonRegisteringDriver.connect(NonRegisteringDriver.java:199)
	at com.alibaba.druid.filter.FilterChainImpl.connection_connect(FilterChainImpl.java:156)
	at com.alibaba.druid.filter.stat.StatFilter.connection_connect(StatFilter.java:218)
	at com.alibaba.druid.filter.FilterChainImpl.connection_connect(FilterChainImpl.java:150)
	at com.alibaba.druid.pool.DruidAbstractDataSource.createPhysicalConnection(DruidAbstractDataSource.java:1560)
	at com.alibaba.druid.pool.DruidAbstractDataSource.createPhysicalConnection(DruidAbstractDataSource.java:1623)
	at com.alibaba.druid.pool.DruidDataSource$CreateConnectionThread.run(DruidDataSource.java:2468)

2021-09-15 14:11:50.145 ERROR 12956 --- [Druid-ConnectionPool-Create-560165559] com.alibaba.druid.pool.DruidDataSource   : create connection SQLException, url: jdbc:mysql://localhost:3306/information_collect?useUnicode=true&characterEncoding=utf-8&serverTimezone=Asia/Shanghai, errorCode 1045, state 28000

java.sql.SQLException: Access denied for user 'root'@'localhost' (using password: YES)
	at com.mysql.cj.jdbc.exceptions.SQLError.createSQLException(SQLError.java:129)
	at com.mysql.cj.jdbc.exceptions.SQLError.createSQLException(SQLError.java:97)
	at com.mysql.cj.jdbc.exceptions.SQLExceptionsMapping.translateException(SQLExceptionsMapping.java:122)
	at com.mysql.cj.jdbc.ConnectionImpl.createNewIO(ConnectionImpl.java:835)
	at com.mysql.cj.jdbc.ConnectionImpl.<init>(ConnectionImpl.java:455)
	at com.mysql.cj.jdbc.ConnectionImpl.getInstance(ConnectionImpl.java:240)
	at com.mysql.cj.jdbc.NonRegisteringDriver.connect(NonRegisteringDriver.java:199)
	at com.alibaba.druid.filter.FilterChainImpl.connection_connect(FilterChainImpl.java:156)
	at com.alibaba.druid.filter.stat.StatFilter.connection_connect(StatFilter.java:218)
	at com.alibaba.druid.filter.FilterChainImpl.connection_connect(FilterChainImpl.java:150)
	at com.alibaba.druid.pool.DruidAbstractDataSource.createPhysicalConnection(DruidAbstractDataSource.java:1560)
	at com.alibaba.druid.pool.DruidAbstractDataSource.createPhysicalConnection(DruidAbstractDataSource.java:1623)
	at com.alibaba.druid.pool.DruidDataSource$CreateConnectionThread.run(DruidDataSource.java:2468)

2021-09-15 14:11:50.648 ERROR 12956 --- [Druid-ConnectionPool-Create-560165559] com.alibaba.druid.pool.DruidDataSource   : create connection SQLException, url: jdbc:mysql://localhost:3306/information_collect?useUnicode=true&characterEncoding=utf-8&serverTimezone=Asia/Shanghai, errorCode 1045, state 28000

java.sql.SQLException: Access denied for user 'root'@'localhost' (using password: YES)
	at com.mysql.cj.jdbc.exceptions.SQLError.createSQLException(SQLError.java:129)
	at com.mysql.cj.jdbc.exceptions.SQLError.createSQLException(SQLError.java:97)
	at com.mysql.cj.jdbc.exceptions.SQLExceptionsMapping.translateException(SQLExceptionsMapping.java:122)
	at com.mysql.cj.jdbc.ConnectionImpl.createNewIO(ConnectionImpl.java:835)
	at com.mysql.cj.jdbc.ConnectionImpl.<init>(ConnectionImpl.java:455)
	at com.mysql.cj.jdbc.ConnectionImpl.getInstance(ConnectionImpl.java:240)
	at com.mysql.cj.jdbc.NonRegisteringDriver.connect(NonRegisteringDriver.java:199)
	at com.alibaba.druid.filter.FilterChainImpl.connection_connect(FilterChainImpl.java:156)
	at com.alibaba.druid.filter.stat.StatFilter.connection_connect(StatFilter.java:218)
	at com.alibaba.druid.filter.FilterChainImpl.connection_connect(FilterChainImpl.java:150)
	at com.alibaba.druid.pool.DruidAbstractDataSource.createPhysicalConnection(DruidAbstractDataSource.java:1560)
	at com.alibaba.druid.pool.DruidAbstractDataSource.createPhysicalConnection(DruidAbstractDataSource.java:1623)
	at com.alibaba.druid.pool.DruidDataSource$CreateConnectionThread.run(DruidDataSource.java:2468)

2021-09-15 14:11:51.150 ERROR 12956 --- [Druid-ConnectionPool-Create-560165559] com.alibaba.druid.pool.DruidDataSource   : create connection SQLException, url: jdbc:mysql://localhost:3306/information_collect?useUnicode=true&characterEncoding=utf-8&serverTimezone=Asia/Shanghai, errorCode 1045, state 28000

java.sql.SQLException: Access denied for user 'root'@'localhost' (using password: YES)
	at com.mysql.cj.jdbc.exceptions.SQLError.createSQLException(SQLError.java:129)
	at com.mysql.cj.jdbc.exceptions.SQLError.createSQLException(SQLError.java:97)
	at com.mysql.cj.jdbc.exceptions.SQLExceptionsMapping.translateException(SQLExceptionsMapping.java:122)
	at com.mysql.cj.jdbc.ConnectionImpl.createNewIO(ConnectionImpl.java:835)
	at com.mysql.cj.jdbc.ConnectionImpl.<init>(ConnectionImpl.java:455)
	at com.mysql.cj.jdbc.ConnectionImpl.getInstance(ConnectionImpl.java:240)
	at com.mysql.cj.jdbc.NonRegisteringDriver.connect(NonRegisteringDriver.java:199)
	at com.alibaba.druid.filter.FilterChainImpl.connection_connect(FilterChainImpl.java:156)
	at com.alibaba.druid.filter.stat.StatFilter.connection_connect(StatFilter.java:218)
	at com.alibaba.druid.filter.FilterChainImpl.connection_connect(FilterChainImpl.java:150)
	at com.alibaba.druid.pool.DruidAbstractDataSource.createPhysicalConnection(DruidAbstractDataSource.java:1560)
	at com.alibaba.druid.pool.DruidAbstractDataSource.createPhysicalConnection(DruidAbstractDataSource.java:1623)
	at com.alibaba.druid.pool.DruidDataSource$CreateConnectionThread.run(DruidDataSource.java:2468)

2021-09-15 14:11:51.654 ERROR 12956 --- [Druid-ConnectionPool-Create-560165559] com.alibaba.druid.pool.DruidDataSource   : create connection SQLException, url: jdbc:mysql://localhost:3306/information_collect?useUnicode=true&characterEncoding=utf-8&serverTimezone=Asia/Shanghai, errorCode 1045, state 28000

java.sql.SQLException: Access denied for user 'root'@'localhost' (using password: YES)
	at com.mysql.cj.jdbc.exceptions.SQLError.createSQLException(SQLError.java:129)
	at com.mysql.cj.jdbc.exceptions.SQLError.createSQLException(SQLError.java:97)
	at com.mysql.cj.jdbc.exceptions.SQLExceptionsMapping.translateException(SQLExceptionsMapping.java:122)
	at com.mysql.cj.jdbc.ConnectionImpl.createNewIO(ConnectionImpl.java:835)
	at com.mysql.cj.jdbc.ConnectionImpl.<init>(ConnectionImpl.java:455)
	at com.mysql.cj.jdbc.ConnectionImpl.getInstance(ConnectionImpl.java:240)
	at com.mysql.cj.jdbc.NonRegisteringDriver.connect(NonRegisteringDriver.java:199)
	at com.alibaba.druid.filter.FilterChainImpl.connection_connect(FilterChainImpl.java:156)
	at com.alibaba.druid.filter.stat.StatFilter.connection_connect(StatFilter.java:218)
	at com.alibaba.druid.filter.FilterChainImpl.connection_connect(FilterChainImpl.java:150)
	at com.alibaba.druid.pool.DruidAbstractDataSource.createPhysicalConnection(DruidAbstractDataSource.java:1560)
	at com.alibaba.druid.pool.DruidAbstractDataSource.createPhysicalConnection(DruidAbstractDataSource.java:1623)
	at com.alibaba.druid.pool.DruidDataSource$CreateConnectionThread.run(DruidDataSource.java:2468)

2021-09-15 14:11:52.156 ERROR 12956 --- [Druid-ConnectionPool-Create-560165559] com.alibaba.druid.pool.DruidDataSource   : create connection SQLException, url: jdbc:mysql://localhost:3306/information_collect?useUnicode=true&characterEncoding=utf-8&serverTimezone=Asia/Shanghai, errorCode 1045, state 28000

java.sql.SQLException: Access denied for user 'root'@'localhost' (using password: YES)
	at com.mysql.cj.jdbc.exceptions.SQLError.createSQLException(SQLError.java:129)
	at com.mysql.cj.jdbc.exceptions.SQLError.createSQLException(SQLError.java:97)
	at com.mysql.cj.jdbc.exceptions.SQLExceptionsMapping.translateException(SQLExceptionsMapping.java:122)
	at com.mysql.cj.jdbc.ConnectionImpl.createNewIO(ConnectionImpl.java:835)
	at com.mysql.cj.jdbc.ConnectionImpl.<init>(ConnectionImpl.java:455)
	at com.mysql.cj.jdbc.ConnectionImpl.getInstance(ConnectionImpl.java:240)
	at com.mysql.cj.jdbc.NonRegisteringDriver.connect(NonRegisteringDriver.java:199)
	at com.alibaba.druid.filter.FilterChainImpl.connection_connect(FilterChainImpl.java:156)
	at com.alibaba.druid.filter.stat.StatFilter.connection_connect(StatFilter.java:218)
	at com.alibaba.druid.filter.FilterChainImpl.connection_connect(FilterChainImpl.java:150)
	at com.alibaba.druid.pool.DruidAbstractDataSource.createPhysicalConnection(DruidAbstractDataSource.java:1560)
	at com.alibaba.druid.pool.DruidAbstractDataSource.createPhysicalConnection(DruidAbstractDataSource.java:1623)
	at com.alibaba.druid.pool.DruidDataSource$CreateConnectionThread.run(DruidDataSource.java:2468)

2021-09-15 14:11:52.659 ERROR 12956 --- [Druid-ConnectionPool-Create-560165559] com.alibaba.druid.pool.DruidDataSource   : create connection SQLException, url: jdbc:mysql://localhost:3306/information_collect?useUnicode=true&characterEncoding=utf-8&serverTimezone=Asia/Shanghai, errorCode 1045, state 28000

java.sql.SQLException: Access denied for user 'root'@'localhost' (using password: YES)
	at com.mysql.cj.jdbc.exceptions.SQLError.createSQLException(SQLError.java:129)
	at com.mysql.cj.jdbc.exceptions.SQLError.createSQLException(SQLError.java:97)
	at com.mysql.cj.jdbc.exceptions.SQLExceptionsMapping.translateException(SQLExceptionsMapping.java:122)
	at com.mysql.cj.jdbc.ConnectionImpl.createNewIO(ConnectionImpl.java:835)
	at com.mysql.cj.jdbc.ConnectionImpl.<init>(ConnectionImpl.java:455)
	at com.mysql.cj.jdbc.ConnectionImpl.getInstance(ConnectionImpl.java:240)
	at com.mysql.cj.jdbc.NonRegisteringDriver.connect(NonRegisteringDriver.java:199)
	at com.alibaba.druid.filter.FilterChainImpl.connection_connect(FilterChainImpl.java:156)
	at com.alibaba.druid.filter.stat.StatFilter.connection_connect(StatFilter.java:218)
	at com.alibaba.druid.filter.FilterChainImpl.connection_connect(FilterChainImpl.java:150)
	at com.alibaba.druid.pool.DruidAbstractDataSource.createPhysicalConnection(DruidAbstractDataSource.java:1560)
	at com.alibaba.druid.pool.DruidAbstractDataSource.createPhysicalConnection(DruidAbstractDataSource.java:1623)
	at com.alibaba.druid.pool.DruidDataSource$CreateConnectionThread.run(DruidDataSource.java:2468)

2021-09-15 14:11:53.162 ERROR 12956 --- [Druid-ConnectionPool-Create-560165559] com.alibaba.druid.pool.DruidDataSource   : create connection SQLException, url: jdbc:mysql://localhost:3306/information_collect?useUnicode=true&characterEncoding=utf-8&serverTimezone=Asia/Shanghai, errorCode 1045, state 28000

java.sql.SQLException: Access denied for user 'root'@'localhost' (using password: YES)
	at com.mysql.cj.jdbc.exceptions.SQLError.createSQLException(SQLError.java:129)
	at com.mysql.cj.jdbc.exceptions.SQLError.createSQLException(SQLError.java:97)
	at com.mysql.cj.jdbc.exceptions.SQLExceptionsMapping.translateException(SQLExceptionsMapping.java:122)
	at com.mysql.cj.jdbc.ConnectionImpl.createNewIO(ConnectionImpl.java:835)
	at com.mysql.cj.jdbc.ConnectionImpl.<init>(ConnectionImpl.java:455)
	at com.mysql.cj.jdbc.ConnectionImpl.getInstance(ConnectionImpl.java:240)
	at com.mysql.cj.jdbc.NonRegisteringDriver.connect(NonRegisteringDriver.java:199)
	at com.alibaba.druid.filter.FilterChainImpl.connection_connect(FilterChainImpl.java:156)
	at com.alibaba.druid.filter.stat.StatFilter.connection_connect(StatFilter.java:218)
	at com.alibaba.druid.filter.FilterChainImpl.connection_connect(FilterChainImpl.java:150)
	at com.alibaba.druid.pool.DruidAbstractDataSource.createPhysicalConnection(DruidAbstractDataSource.java:1560)
	at com.alibaba.druid.pool.DruidAbstractDataSource.createPhysicalConnection(DruidAbstractDataSource.java:1623)
	at com.alibaba.druid.pool.DruidDataSource$CreateConnectionThread.run(DruidDataSource.java:2468)

2021-09-15 14:11:53.664 ERROR 12956 --- [Druid-ConnectionPool-Create-560165559] com.alibaba.druid.pool.DruidDataSource   : create connection SQLException, url: jdbc:mysql://localhost:3306/information_collect?useUnicode=true&characterEncoding=utf-8&serverTimezone=Asia/Shanghai, errorCode 1045, state 28000

java.sql.SQLException: Access denied for user 'root'@'localhost' (using password: YES)
	at com.mysql.cj.jdbc.exceptions.SQLError.createSQLException(SQLError.java:129)
	at com.mysql.cj.jdbc.exceptions.SQLError.createSQLException(SQLError.java:97)
	at com.mysql.cj.jdbc.exceptions.SQLExceptionsMapping.translateException(SQLExceptionsMapping.java:122)
	at com.mysql.cj.jdbc.ConnectionImpl.createNewIO(ConnectionImpl.java:835)
	at com.mysql.cj.jdbc.ConnectionImpl.<init>(ConnectionImpl.java:455)
	at com.mysql.cj.jdbc.ConnectionImpl.getInstance(ConnectionImpl.java:240)
	at com.mysql.cj.jdbc.NonRegisteringDriver.connect(NonRegisteringDriver.java:199)
	at com.alibaba.druid.filter.FilterChainImpl.connection_connect(FilterChainImpl.java:156)
	at com.alibaba.druid.filter.stat.StatFilter.connection_connect(StatFilter.java:218)
	at com.alibaba.druid.filter.FilterChainImpl.connection_connect(FilterChainImpl.java:150)
	at com.alibaba.druid.pool.DruidAbstractDataSource.createPhysicalConnection(DruidAbstractDataSource.java:1560)
	at com.alibaba.druid.pool.DruidAbstractDataSource.createPhysicalConnection(DruidAbstractDataSource.java:1623)
	at com.alibaba.druid.pool.DruidDataSource$CreateConnectionThread.run(DruidDataSource.java:2468)

2021-09-15 14:11:54.166 ERROR 12956 --- [Druid-ConnectionPool-Create-560165559] com.alibaba.druid.pool.DruidDataSource   : create connection SQLException, url: jdbc:mysql://localhost:3306/information_collect?useUnicode=true&characterEncoding=utf-8&serverTimezone=Asia/Shanghai, errorCode 1045, state 28000

java.sql.SQLException: Access denied for user 'root'@'localhost' (using password: YES)
	at com.mysql.cj.jdbc.exceptions.SQLError.createSQLException(SQLError.java:129)
	at com.mysql.cj.jdbc.exceptions.SQLError.createSQLException(SQLError.java:97)
	at com.mysql.cj.jdbc.exceptions.SQLExceptionsMapping.translateException(SQLExceptionsMapping.java:122)
	at com.mysql.cj.jdbc.ConnectionImpl.createNewIO(ConnectionImpl.java:835)
	at com.mysql.cj.jdbc.ConnectionImpl.<init>(ConnectionImpl.java:455)
	at com.mysql.cj.jdbc.ConnectionImpl.getInstance(ConnectionImpl.java:240)
	at com.mysql.cj.jdbc.NonRegisteringDriver.connect(NonRegisteringDriver.java:199)
	at com.alibaba.druid.filter.FilterChainImpl.connection_connect(FilterChainImpl.java:156)
	at com.alibaba.druid.filter.stat.StatFilter.connection_connect(StatFilter.java:218)
	at com.alibaba.druid.filter.FilterChainImpl.connection_connect(FilterChainImpl.java:150)
	at com.alibaba.druid.pool.DruidAbstractDataSource.createPhysicalConnection(DruidAbstractDataSource.java:1560)
	at com.alibaba.druid.pool.DruidAbstractDataSource.createPhysicalConnection(DruidAbstractDataSource.java:1623)
	at com.alibaba.druid.pool.DruidDataSource$CreateConnectionThread.run(DruidDataSource.java:2468)

2021-09-15 14:11:54.670 ERROR 12956 --- [Druid-ConnectionPool-Create-560165559] com.alibaba.druid.pool.DruidDataSource   : create connection SQLException, url: jdbc:mysql://localhost:3306/information_collect?useUnicode=true&characterEncoding=utf-8&serverTimezone=Asia/Shanghai, errorCode 1045, state 28000

java.sql.SQLException: Access denied for user 'root'@'localhost' (using password: YES)
	at com.mysql.cj.jdbc.exceptions.SQLError.createSQLException(SQLError.java:129)
	at com.mysql.cj.jdbc.exceptions.SQLError.createSQLException(SQLError.java:97)
	at com.mysql.cj.jdbc.exceptions.SQLExceptionsMapping.translateException(SQLExceptionsMapping.java:122)
	at com.mysql.cj.jdbc.ConnectionImpl.createNewIO(ConnectionImpl.java:835)
	at com.mysql.cj.jdbc.ConnectionImpl.<init>(ConnectionImpl.java:455)
	at com.mysql.cj.jdbc.ConnectionImpl.getInstance(ConnectionImpl.java:240)
	at com.mysql.cj.jdbc.NonRegisteringDriver.connect(NonRegisteringDriver.java:199)
	at com.alibaba.druid.filter.FilterChainImpl.connection_connect(FilterChainImpl.java:156)
	at com.alibaba.druid.filter.stat.StatFilter.connection_connect(StatFilter.java:218)
	at com.alibaba.druid.filter.FilterChainImpl.connection_connect(FilterChainImpl.java:150)
	at com.alibaba.druid.pool.DruidAbstractDataSource.createPhysicalConnection(DruidAbstractDataSource.java:1560)
	at com.alibaba.druid.pool.DruidAbstractDataSource.createPhysicalConnection(DruidAbstractDataSource.java:1623)
	at com.alibaba.druid.pool.DruidDataSource$CreateConnectionThread.run(DruidDataSource.java:2468)

2021-09-15 14:11:55.171 ERROR 12956 --- [Druid-ConnectionPool-Create-560165559] com.alibaba.druid.pool.DruidDataSource   : create connection SQLException, url: jdbc:mysql://localhost:3306/information_collect?useUnicode=true&characterEncoding=utf-8&serverTimezone=Asia/Shanghai, errorCode 1045, state 28000

java.sql.SQLException: Access denied for user 'root'@'localhost' (using password: YES)
	at com.mysql.cj.jdbc.exceptions.SQLError.createSQLException(SQLError.java:129)
	at com.mysql.cj.jdbc.exceptions.SQLError.createSQLException(SQLError.java:97)
	at com.mysql.cj.jdbc.exceptions.SQLExceptionsMapping.translateException(SQLExceptionsMapping.java:122)
	at com.mysql.cj.jdbc.ConnectionImpl.createNewIO(ConnectionImpl.java:835)
	at com.mysql.cj.jdbc.ConnectionImpl.<init>(ConnectionImpl.java:455)
	at com.mysql.cj.jdbc.ConnectionImpl.getInstance(ConnectionImpl.java:240)
	at com.mysql.cj.jdbc.NonRegisteringDriver.connect(NonRegisteringDriver.java:199)
	at com.alibaba.druid.filter.FilterChainImpl.connection_connect(FilterChainImpl.java:156)
	at com.alibaba.druid.filter.stat.StatFilter.connection_connect(StatFilter.java:218)
	at com.alibaba.druid.filter.FilterChainImpl.connection_connect(FilterChainImpl.java:150)
	at com.alibaba.druid.pool.DruidAbstractDataSource.createPhysicalConnection(DruidAbstractDataSource.java:1560)
	at com.alibaba.druid.pool.DruidAbstractDataSource.createPhysicalConnection(DruidAbstractDataSource.java:1623)
	at com.alibaba.druid.pool.DruidDataSource$CreateConnectionThread.run(DruidDataSource.java:2468)

2021-09-15 14:11:55.675 ERROR 12956 --- [Druid-ConnectionPool-Create-560165559] com.alibaba.druid.pool.DruidDataSource   : create connection SQLException, url: jdbc:mysql://localhost:3306/information_collect?useUnicode=true&characterEncoding=utf-8&serverTimezone=Asia/Shanghai, errorCode 1045, state 28000

java.sql.SQLException: Access denied for user 'root'@'localhost' (using password: YES)
	at com.mysql.cj.jdbc.exceptions.SQLError.createSQLException(SQLError.java:129)
	at com.mysql.cj.jdbc.exceptions.SQLError.createSQLException(SQLError.java:97)
	at com.mysql.cj.jdbc.exceptions.SQLExceptionsMapping.translateException(SQLExceptionsMapping.java:122)
	at com.mysql.cj.jdbc.ConnectionImpl.createNewIO(ConnectionImpl.java:835)
	at com.mysql.cj.jdbc.ConnectionImpl.<init>(ConnectionImpl.java:455)
	at com.mysql.cj.jdbc.ConnectionImpl.getInstance(ConnectionImpl.java:240)
	at com.mysql.cj.jdbc.NonRegisteringDriver.connect(NonRegisteringDriver.java:199)
	at com.alibaba.druid.filter.FilterChainImpl.connection_connect(FilterChainImpl.java:156)
	at com.alibaba.druid.filter.stat.StatFilter.connection_connect(StatFilter.java:218)
	at com.alibaba.druid.filter.FilterChainImpl.connection_connect(FilterChainImpl.java:150)
	at com.alibaba.druid.pool.DruidAbstractDataSource.createPhysicalConnection(DruidAbstractDataSource.java:1560)
	at com.alibaba.druid.pool.DruidAbstractDataSource.createPhysicalConnection(DruidAbstractDataSource.java:1623)
	at com.alibaba.druid.pool.DruidDataSource$CreateConnectionThread.run(DruidDataSource.java:2468)

2021-09-15 14:11:56.176 ERROR 12956 --- [Druid-ConnectionPool-Create-560165559] com.alibaba.druid.pool.DruidDataSource   : create connection SQLException, url: jdbc:mysql://localhost:3306/information_collect?useUnicode=true&characterEncoding=utf-8&serverTimezone=Asia/Shanghai, errorCode 1045, state 28000

java.sql.SQLException: Access denied for user 'root'@'localhost' (using password: YES)
	at com.mysql.cj.jdbc.exceptions.SQLError.createSQLException(SQLError.java:129)
	at com.mysql.cj.jdbc.exceptions.SQLError.createSQLException(SQLError.java:97)
	at com.mysql.cj.jdbc.exceptions.SQLExceptionsMapping.translateException(SQLExceptionsMapping.java:122)
	at com.mysql.cj.jdbc.ConnectionImpl.createNewIO(ConnectionImpl.java:835)
	at com.mysql.cj.jdbc.ConnectionImpl.<init>(ConnectionImpl.java:455)
	at com.mysql.cj.jdbc.ConnectionImpl.getInstance(ConnectionImpl.java:240)
	at com.mysql.cj.jdbc.NonRegisteringDriver.connect(NonRegisteringDriver.java:199)
	at com.alibaba.druid.filter.FilterChainImpl.connection_connect(FilterChainImpl.java:156)
	at com.alibaba.druid.filter.stat.StatFilter.connection_connect(StatFilter.java:218)
	at com.alibaba.druid.filter.FilterChainImpl.connection_connect(FilterChainImpl.java:150)
	at com.alibaba.druid.pool.DruidAbstractDataSource.createPhysicalConnection(DruidAbstractDataSource.java:1560)
	at com.alibaba.druid.pool.DruidAbstractDataSource.createPhysicalConnection(DruidAbstractDataSource.java:1623)
	at com.alibaba.druid.pool.DruidDataSource$CreateConnectionThread.run(DruidDataSource.java:2468)

2021-09-15 14:11:56.679 ERROR 12956 --- [Druid-ConnectionPool-Create-560165559] com.alibaba.druid.pool.DruidDataSource   : create connection SQLException, url: jdbc:mysql://localhost:3306/information_collect?useUnicode=true&characterEncoding=utf-8&serverTimezone=Asia/Shanghai, errorCode 1045, state 28000

java.sql.SQLException: Access denied for user 'root'@'localhost' (using password: YES)
	at com.mysql.cj.jdbc.exceptions.SQLError.createSQLException(SQLError.java:129)
	at com.mysql.cj.jdbc.exceptions.SQLError.createSQLException(SQLError.java:97)
	at com.mysql.cj.jdbc.exceptions.SQLExceptionsMapping.translateException(SQLExceptionsMapping.java:122)
	at com.mysql.cj.jdbc.ConnectionImpl.createNewIO(ConnectionImpl.java:835)
	at com.mysql.cj.jdbc.ConnectionImpl.<init>(ConnectionImpl.java:455)
	at com.mysql.cj.jdbc.ConnectionImpl.getInstance(ConnectionImpl.java:240)
	at com.mysql.cj.jdbc.NonRegisteringDriver.connect(NonRegisteringDriver.java:199)
	at com.alibaba.druid.filter.FilterChainImpl.connection_connect(FilterChainImpl.java:156)
	at com.alibaba.druid.filter.stat.StatFilter.connection_connect(StatFilter.java:218)
	at com.alibaba.druid.filter.FilterChainImpl.connection_connect(FilterChainImpl.java:150)
	at com.alibaba.druid.pool.DruidAbstractDataSource.createPhysicalConnection(DruidAbstractDataSource.java:1560)
	at com.alibaba.druid.pool.DruidAbstractDataSource.createPhysicalConnection(DruidAbstractDataSource.java:1623)
	at com.alibaba.druid.pool.DruidDataSource$CreateConnectionThread.run(DruidDataSource.java:2468)

2021-09-15 14:11:57.182 ERROR 12956 --- [Druid-ConnectionPool-Create-560165559] com.alibaba.druid.pool.DruidDataSource   : create connection SQLException, url: jdbc:mysql://localhost:3306/information_collect?useUnicode=true&characterEncoding=utf-8&serverTimezone=Asia/Shanghai, errorCode 1045, state 28000

java.sql.SQLException: Access denied for user 'root'@'localhost' (using password: YES)
	at com.mysql.cj.jdbc.exceptions.SQLError.createSQLException(SQLError.java:129)
	at com.mysql.cj.jdbc.exceptions.SQLError.createSQLException(SQLError.java:97)
	at com.mysql.cj.jdbc.exceptions.SQLExceptionsMapping.translateException(SQLExceptionsMapping.java:122)
	at com.mysql.cj.jdbc.ConnectionImpl.createNewIO(ConnectionImpl.java:835)
	at com.mysql.cj.jdbc.ConnectionImpl.<init>(ConnectionImpl.java:455)
	at com.mysql.cj.jdbc.ConnectionImpl.getInstance(ConnectionImpl.java:240)
	at com.mysql.cj.jdbc.NonRegisteringDriver.connect(NonRegisteringDriver.java:199)
	at com.alibaba.druid.filter.FilterChainImpl.connection_connect(FilterChainImpl.java:156)
	at com.alibaba.druid.filter.stat.StatFilter.connection_connect(StatFilter.java:218)
	at com.alibaba.druid.filter.FilterChainImpl.connection_connect(FilterChainImpl.java:150)
	at com.alibaba.druid.pool.DruidAbstractDataSource.createPhysicalConnection(DruidAbstractDataSource.java:1560)
	at com.alibaba.druid.pool.DruidAbstractDataSource.createPhysicalConnection(DruidAbstractDataSource.java:1623)
	at com.alibaba.druid.pool.DruidDataSource$CreateConnectionThread.run(DruidDataSource.java:2468)

2021-09-15 14:11:57.684 ERROR 12956 --- [Druid-ConnectionPool-Create-560165559] com.alibaba.druid.pool.DruidDataSource   : create connection SQLException, url: jdbc:mysql://localhost:3306/information_collect?useUnicode=true&characterEncoding=utf-8&serverTimezone=Asia/Shanghai, errorCode 1045, state 28000

java.sql.SQLException: Access denied for user 'root'@'localhost' (using password: YES)
	at com.mysql.cj.jdbc.exceptions.SQLError.createSQLException(SQLError.java:129)
	at com.mysql.cj.jdbc.exceptions.SQLError.createSQLException(SQLError.java:97)
	at com.mysql.cj.jdbc.exceptions.SQLExceptionsMapping.translateException(SQLExceptionsMapping.java:122)
	at com.mysql.cj.jdbc.ConnectionImpl.createNewIO(ConnectionImpl.java:835)
	at com.mysql.cj.jdbc.ConnectionImpl.<init>(ConnectionImpl.java:455)
	at com.mysql.cj.jdbc.ConnectionImpl.getInstance(ConnectionImpl.java:240)
	at com.mysql.cj.jdbc.NonRegisteringDriver.connect(NonRegisteringDriver.java:199)
	at com.alibaba.druid.filter.FilterChainImpl.connection_connect(FilterChainImpl.java:156)
	at com.alibaba.druid.filter.stat.StatFilter.connection_connect(StatFilter.java:218)
	at com.alibaba.druid.filter.FilterChainImpl.connection_connect(FilterChainImpl.java:150)
	at com.alibaba.druid.pool.DruidAbstractDataSource.createPhysicalConnection(DruidAbstractDataSource.java:1560)
	at com.alibaba.druid.pool.DruidAbstractDataSource.createPhysicalConnection(DruidAbstractDataSource.java:1623)
	at com.alibaba.druid.pool.DruidDataSource$CreateConnectionThread.run(DruidDataSource.java:2468)

2021-09-15 14:11:58.186 ERROR 12956 --- [Druid-ConnectionPool-Create-560165559] com.alibaba.druid.pool.DruidDataSource   : create connection SQLException, url: jdbc:mysql://localhost:3306/information_collect?useUnicode=true&characterEncoding=utf-8&serverTimezone=Asia/Shanghai, errorCode 1045, state 28000

java.sql.SQLException: Access denied for user 'root'@'localhost' (using password: YES)
	at com.mysql.cj.jdbc.exceptions.SQLError.createSQLException(SQLError.java:129)
	at com.mysql.cj.jdbc.exceptions.SQLError.createSQLException(SQLError.java:97)
	at com.mysql.cj.jdbc.exceptions.SQLExceptionsMapping.translateException(SQLExceptionsMapping.java:122)
	at com.mysql.cj.jdbc.ConnectionImpl.createNewIO(ConnectionImpl.java:835)
	at com.mysql.cj.jdbc.ConnectionImpl.<init>(ConnectionImpl.java:455)
	at com.mysql.cj.jdbc.ConnectionImpl.getInstance(ConnectionImpl.java:240)
	at com.mysql.cj.jdbc.NonRegisteringDriver.connect(NonRegisteringDriver.java:199)
	at com.alibaba.druid.filter.FilterChainImpl.connection_connect(FilterChainImpl.java:156)
	at com.alibaba.druid.filter.stat.StatFilter.connection_connect(StatFilter.java:218)
	at com.alibaba.druid.filter.FilterChainImpl.connection_connect(FilterChainImpl.java:150)
	at com.alibaba.druid.pool.DruidAbstractDataSource.createPhysicalConnection(DruidAbstractDataSource.java:1560)
	at com.alibaba.druid.pool.DruidAbstractDataSource.createPhysicalConnection(DruidAbstractDataSource.java:1623)
	at com.alibaba.druid.pool.DruidDataSource$CreateConnectionThread.run(DruidDataSource.java:2468)

2021-09-15 14:11:58.689 ERROR 12956 --- [Druid-ConnectionPool-Create-560165559] com.alibaba.druid.pool.DruidDataSource   : create connection SQLException, url: jdbc:mysql://localhost:3306/information_collect?useUnicode=true&characterEncoding=utf-8&serverTimezone=Asia/Shanghai, errorCode 1045, state 28000

java.sql.SQLException: Access denied for user 'root'@'localhost' (using password: YES)
	at com.mysql.cj.jdbc.exceptions.SQLError.createSQLException(SQLError.java:129)
	at com.mysql.cj.jdbc.exceptions.SQLError.createSQLException(SQLError.java:97)
	at com.mysql.cj.jdbc.exceptions.SQLExceptionsMapping.translateException(SQLExceptionsMapping.java:122)
	at com.mysql.cj.jdbc.ConnectionImpl.createNewIO(ConnectionImpl.java:835)
	at com.mysql.cj.jdbc.ConnectionImpl.<init>(ConnectionImpl.java:455)
	at com.mysql.cj.jdbc.ConnectionImpl.getInstance(ConnectionImpl.java:240)
	at com.mysql.cj.jdbc.NonRegisteringDriver.connect(NonRegisteringDriver.java:199)
	at com.alibaba.druid.filter.FilterChainImpl.connection_connect(FilterChainImpl.java:156)
	at com.alibaba.druid.filter.stat.StatFilter.connection_connect(StatFilter.java:218)
	at com.alibaba.druid.filter.FilterChainImpl.connection_connect(FilterChainImpl.java:150)
	at com.alibaba.druid.pool.DruidAbstractDataSource.createPhysicalConnection(DruidAbstractDataSource.java:1560)
	at com.alibaba.druid.pool.DruidAbstractDataSource.createPhysicalConnection(DruidAbstractDataSource.java:1623)
	at com.alibaba.druid.pool.DruidDataSource$CreateConnectionThread.run(DruidDataSource.java:2468)

2021-09-15 14:11:59.191 ERROR 12956 --- [Druid-ConnectionPool-Create-560165559] com.alibaba.druid.pool.DruidDataSource   : create connection SQLException, url: jdbc:mysql://localhost:3306/information_collect?useUnicode=true&characterEncoding=utf-8&serverTimezone=Asia/Shanghai, errorCode 1045, state 28000

java.sql.SQLException: Access denied for user 'root'@'localhost' (using password: YES)
	at com.mysql.cj.jdbc.exceptions.SQLError.createSQLException(SQLError.java:129)
	at com.mysql.cj.jdbc.exceptions.SQLError.createSQLException(SQLError.java:97)
	at com.mysql.cj.jdbc.exceptions.SQLExceptionsMapping.translateException(SQLExceptionsMapping.java:122)
	at com.mysql.cj.jdbc.ConnectionImpl.createNewIO(ConnectionImpl.java:835)
	at com.mysql.cj.jdbc.ConnectionImpl.<init>(ConnectionImpl.java:455)
	at com.mysql.cj.jdbc.ConnectionImpl.getInstance(ConnectionImpl.java:240)
	at com.mysql.cj.jdbc.NonRegisteringDriver.connect(NonRegisteringDriver.java:199)
	at com.alibaba.druid.filter.FilterChainImpl.connection_connect(FilterChainImpl.java:156)
	at com.alibaba.druid.filter.stat.StatFilter.connection_connect(StatFilter.java:218)
	at com.alibaba.druid.filter.FilterChainImpl.connection_connect(FilterChainImpl.java:150)
	at com.alibaba.druid.pool.DruidAbstractDataSource.createPhysicalConnection(DruidAbstractDataSource.java:1560)
	at com.alibaba.druid.pool.DruidAbstractDataSource.createPhysicalConnection(DruidAbstractDataSource.java:1623)
	at com.alibaba.druid.pool.DruidDataSource$CreateConnectionThread.run(DruidDataSource.java:2468)

2021-09-15 14:11:59.693 ERROR 12956 --- [Druid-ConnectionPool-Create-560165559] com.alibaba.druid.pool.DruidDataSource   : create connection SQLException, url: jdbc:mysql://localhost:3306/information_collect?useUnicode=true&characterEncoding=utf-8&serverTimezone=Asia/Shanghai, errorCode 1045, state 28000

java.sql.SQLException: Access denied for user 'root'@'localhost' (using password: YES)
	at com.mysql.cj.jdbc.exceptions.SQLError.createSQLException(SQLError.java:129)
	at com.mysql.cj.jdbc.exceptions.SQLError.createSQLException(SQLError.java:97)
	at com.mysql.cj.jdbc.exceptions.SQLExceptionsMapping.translateException(SQLExceptionsMapping.java:122)
	at com.mysql.cj.jdbc.ConnectionImpl.createNewIO(ConnectionImpl.java:835)
	at com.mysql.cj.jdbc.ConnectionImpl.<init>(ConnectionImpl.java:455)
	at com.mysql.cj.jdbc.ConnectionImpl.getInstance(ConnectionImpl.java:240)
	at com.mysql.cj.jdbc.NonRegisteringDriver.connect(NonRegisteringDriver.java:199)
	at com.alibaba.druid.filter.FilterChainImpl.connection_connect(FilterChainImpl.java:156)
	at com.alibaba.druid.filter.stat.StatFilter.connection_connect(StatFilter.java:218)
	at com.alibaba.druid.filter.FilterChainImpl.connection_connect(FilterChainImpl.java:150)
	at com.alibaba.druid.pool.DruidAbstractDataSource.createPhysicalConnection(DruidAbstractDataSource.java:1560)
	at com.alibaba.druid.pool.DruidAbstractDataSource.createPhysicalConnection(DruidAbstractDataSource.java:1623)
	at com.alibaba.druid.pool.DruidDataSource$CreateConnectionThread.run(DruidDataSource.java:2468)

2021-09-15 14:12:00.196 ERROR 12956 --- [Druid-ConnectionPool-Create-560165559] com.alibaba.druid.pool.DruidDataSource   : create connection SQLException, url: jdbc:mysql://localhost:3306/information_collect?useUnicode=true&characterEncoding=utf-8&serverTimezone=Asia/Shanghai, errorCode 1045, state 28000

java.sql.SQLException: Access denied for user 'root'@'localhost' (using password: YES)
	at com.mysql.cj.jdbc.exceptions.SQLError.createSQLException(SQLError.java:129)
	at com.mysql.cj.jdbc.exceptions.SQLError.createSQLException(SQLError.java:97)
	at com.mysql.cj.jdbc.exceptions.SQLExceptionsMapping.translateException(SQLExceptionsMapping.java:122)
	at com.mysql.cj.jdbc.ConnectionImpl.createNewIO(ConnectionImpl.java:835)
	at com.mysql.cj.jdbc.ConnectionImpl.<init>(ConnectionImpl.java:455)
	at com.mysql.cj.jdbc.ConnectionImpl.getInstance(ConnectionImpl.java:240)
	at com.mysql.cj.jdbc.NonRegisteringDriver.connect(NonRegisteringDriver.java:199)
	at com.alibaba.druid.filter.FilterChainImpl.connection_connect(FilterChainImpl.java:156)
	at com.alibaba.druid.filter.stat.StatFilter.connection_connect(StatFilter.java:218)
	at com.alibaba.druid.filter.FilterChainImpl.connection_connect(FilterChainImpl.java:150)
	at com.alibaba.druid.pool.DruidAbstractDataSource.createPhysicalConnection(DruidAbstractDataSource.java:1560)
	at com.alibaba.druid.pool.DruidAbstractDataSource.createPhysicalConnection(DruidAbstractDataSource.java:1623)
	at com.alibaba.druid.pool.DruidDataSource$CreateConnectionThread.run(DruidDataSource.java:2468)

2021-09-15 14:12:00.698 ERROR 12956 --- [Druid-ConnectionPool-Create-560165559] com.alibaba.druid.pool.DruidDataSource   : create connection SQLException, url: jdbc:mysql://localhost:3306/information_collect?useUnicode=true&characterEncoding=utf-8&serverTimezone=Asia/Shanghai, errorCode 1045, state 28000

java.sql.SQLException: Access denied for user 'root'@'localhost' (using password: YES)
	at com.mysql.cj.jdbc.exceptions.SQLError.createSQLException(SQLError.java:129)
	at com.mysql.cj.jdbc.exceptions.SQLError.createSQLException(SQLError.java:97)
	at com.mysql.cj.jdbc.exceptions.SQLExceptionsMapping.translateException(SQLExceptionsMapping.java:122)
	at com.mysql.cj.jdbc.ConnectionImpl.createNewIO(ConnectionImpl.java:835)
	at com.mysql.cj.jdbc.ConnectionImpl.<init>(ConnectionImpl.java:455)
	at com.mysql.cj.jdbc.ConnectionImpl.getInstance(ConnectionImpl.java:240)
	at com.mysql.cj.jdbc.NonRegisteringDriver.connect(NonRegisteringDriver.java:199)
	at com.alibaba.druid.filter.FilterChainImpl.connection_connect(FilterChainImpl.java:156)
	at com.alibaba.druid.filter.stat.StatFilter.connection_connect(StatFilter.java:218)
	at com.alibaba.druid.filter.FilterChainImpl.connection_connect(FilterChainImpl.java:150)
	at com.alibaba.druid.pool.DruidAbstractDataSource.createPhysicalConnection(DruidAbstractDataSource.java:1560)
	at com.alibaba.druid.pool.DruidAbstractDataSource.createPhysicalConnection(DruidAbstractDataSource.java:1623)
	at com.alibaba.druid.pool.DruidDataSource$CreateConnectionThread.run(DruidDataSource.java:2468)

2021-09-15 14:12:01.200 ERROR 12956 --- [Druid-ConnectionPool-Create-560165559] com.alibaba.druid.pool.DruidDataSource   : create connection SQLException, url: jdbc:mysql://localhost:3306/information_collect?useUnicode=true&characterEncoding=utf-8&serverTimezone=Asia/Shanghai, errorCode 1045, state 28000

java.sql.SQLException: Access denied for user 'root'@'localhost' (using password: YES)
	at com.mysql.cj.jdbc.exceptions.SQLError.createSQLException(SQLError.java:129)
	at com.mysql.cj.jdbc.exceptions.SQLError.createSQLException(SQLError.java:97)
	at com.mysql.cj.jdbc.exceptions.SQLExceptionsMapping.translateException(SQLExceptionsMapping.java:122)
	at com.mysql.cj.jdbc.ConnectionImpl.createNewIO(ConnectionImpl.java:835)
	at com.mysql.cj.jdbc.ConnectionImpl.<init>(ConnectionImpl.java:455)
	at com.mysql.cj.jdbc.ConnectionImpl.getInstance(ConnectionImpl.java:240)
	at com.mysql.cj.jdbc.NonRegisteringDriver.connect(NonRegisteringDriver.java:199)
	at com.alibaba.druid.filter.FilterChainImpl.connection_connect(FilterChainImpl.java:156)
	at com.alibaba.druid.filter.stat.StatFilter.connection_connect(StatFilter.java:218)
	at com.alibaba.druid.filter.FilterChainImpl.connection_connect(FilterChainImpl.java:150)
	at com.alibaba.druid.pool.DruidAbstractDataSource.createPhysicalConnection(DruidAbstractDataSource.java:1560)
	at com.alibaba.druid.pool.DruidAbstractDataSource.createPhysicalConnection(DruidAbstractDataSource.java:1623)
	at com.alibaba.druid.pool.DruidDataSource$CreateConnectionThread.run(DruidDataSource.java:2468)

2021-09-15 14:12:01.702 ERROR 12956 --- [Druid-ConnectionPool-Create-560165559] com.alibaba.druid.pool.DruidDataSource   : create connection SQLException, url: jdbc:mysql://localhost:3306/information_collect?useUnicode=true&characterEncoding=utf-8&serverTimezone=Asia/Shanghai, errorCode 1045, state 28000

java.sql.SQLException: Access denied for user 'root'@'localhost' (using password: YES)
	at com.mysql.cj.jdbc.exceptions.SQLError.createSQLException(SQLError.java:129)
	at com.mysql.cj.jdbc.exceptions.SQLError.createSQLException(SQLError.java:97)
	at com.mysql.cj.jdbc.exceptions.SQLExceptionsMapping.translateException(SQLExceptionsMapping.java:122)
	at com.mysql.cj.jdbc.ConnectionImpl.createNewIO(ConnectionImpl.java:835)
	at com.mysql.cj.jdbc.ConnectionImpl.<init>(ConnectionImpl.java:455)
	at com.mysql.cj.jdbc.ConnectionImpl.getInstance(ConnectionImpl.java:240)
	at com.mysql.cj.jdbc.NonRegisteringDriver.connect(NonRegisteringDriver.java:199)
	at com.alibaba.druid.filter.FilterChainImpl.connection_connect(FilterChainImpl.java:156)
	at com.alibaba.druid.filter.stat.StatFilter.connection_connect(StatFilter.java:218)
	at com.alibaba.druid.filter.FilterChainImpl.connection_connect(FilterChainImpl.java:150)
	at com.alibaba.druid.pool.DruidAbstractDataSource.createPhysicalConnection(DruidAbstractDataSource.java:1560)
	at com.alibaba.druid.pool.DruidAbstractDataSource.createPhysicalConnection(DruidAbstractDataSource.java:1623)
	at com.alibaba.druid.pool.DruidDataSource$CreateConnectionThread.run(DruidDataSource.java:2468)

2021-09-15 14:12:02.206 ERROR 12956 --- [Druid-ConnectionPool-Create-560165559] com.alibaba.druid.pool.DruidDataSource   : create connection SQLException, url: jdbc:mysql://localhost:3306/information_collect?useUnicode=true&characterEncoding=utf-8&serverTimezone=Asia/Shanghai, errorCode 1045, state 28000

java.sql.SQLException: Access denied for user 'root'@'localhost' (using password: YES)
	at com.mysql.cj.jdbc.exceptions.SQLError.createSQLException(SQLError.java:129)
	at com.mysql.cj.jdbc.exceptions.SQLError.createSQLException(SQLError.java:97)
	at com.mysql.cj.jdbc.exceptions.SQLExceptionsMapping.translateException(SQLExceptionsMapping.java:122)
	at com.mysql.cj.jdbc.ConnectionImpl.createNewIO(ConnectionImpl.java:835)
	at com.mysql.cj.jdbc.ConnectionImpl.<init>(ConnectionImpl.java:455)
	at com.mysql.cj.jdbc.ConnectionImpl.getInstance(ConnectionImpl.java:240)
	at com.mysql.cj.jdbc.NonRegisteringDriver.connect(NonRegisteringDriver.java:199)
	at com.alibaba.druid.filter.FilterChainImpl.connection_connect(FilterChainImpl.java:156)
	at com.alibaba.druid.filter.stat.StatFilter.connection_connect(StatFilter.java:218)
	at com.alibaba.druid.filter.FilterChainImpl.connection_connect(FilterChainImpl.java:150)
	at com.alibaba.druid.pool.DruidAbstractDataSource.createPhysicalConnection(DruidAbstractDataSource.java:1560)
	at com.alibaba.druid.pool.DruidAbstractDataSource.createPhysicalConnection(DruidAbstractDataSource.java:1623)
	at com.alibaba.druid.pool.DruidDataSource$CreateConnectionThread.run(DruidDataSource.java:2468)

2021-09-15 14:12:02.709 ERROR 12956 --- [Druid-ConnectionPool-Create-560165559] com.alibaba.druid.pool.DruidDataSource   : create connection SQLException, url: jdbc:mysql://localhost:3306/information_collect?useUnicode=true&characterEncoding=utf-8&serverTimezone=Asia/Shanghai, errorCode 1045, state 28000

java.sql.SQLException: Access denied for user 'root'@'localhost' (using password: YES)
	at com.mysql.cj.jdbc.exceptions.SQLError.createSQLException(SQLError.java:129)
	at com.mysql.cj.jdbc.exceptions.SQLError.createSQLException(SQLError.java:97)
	at com.mysql.cj.jdbc.exceptions.SQLExceptionsMapping.translateException(SQLExceptionsMapping.java:122)
	at com.mysql.cj.jdbc.ConnectionImpl.createNewIO(ConnectionImpl.java:835)
	at com.mysql.cj.jdbc.ConnectionImpl.<init>(ConnectionImpl.java:455)
	at com.mysql.cj.jdbc.ConnectionImpl.getInstance(ConnectionImpl.java:240)
	at com.mysql.cj.jdbc.NonRegisteringDriver.connect(NonRegisteringDriver.java:199)
	at com.alibaba.druid.filter.FilterChainImpl.connection_connect(FilterChainImpl.java:156)
	at com.alibaba.druid.filter.stat.StatFilter.connection_connect(StatFilter.java:218)
	at com.alibaba.druid.filter.FilterChainImpl.connection_connect(FilterChainImpl.java:150)
	at com.alibaba.druid.pool.DruidAbstractDataSource.createPhysicalConnection(DruidAbstractDataSource.java:1560)
	at com.alibaba.druid.pool.DruidAbstractDataSource.createPhysicalConnection(DruidAbstractDataSource.java:1623)
	at com.alibaba.druid.pool.DruidDataSource$CreateConnectionThread.run(DruidDataSource.java:2468)

2021-09-15 14:12:03.210 ERROR 12956 --- [Druid-ConnectionPool-Create-560165559] com.alibaba.druid.pool.DruidDataSource   : create connection SQLException, url: jdbc:mysql://localhost:3306/information_collect?useUnicode=true&characterEncoding=utf-8&serverTimezone=Asia/Shanghai, errorCode 1045, state 28000

java.sql.SQLException: Access denied for user 'root'@'localhost' (using password: YES)
	at com.mysql.cj.jdbc.exceptions.SQLError.createSQLException(SQLError.java:129)
	at com.mysql.cj.jdbc.exceptions.SQLError.createSQLException(SQLError.java:97)
	at com.mysql.cj.jdbc.exceptions.SQLExceptionsMapping.translateException(SQLExceptionsMapping.java:122)
	at com.mysql.cj.jdbc.ConnectionImpl.createNewIO(ConnectionImpl.java:835)
	at com.mysql.cj.jdbc.ConnectionImpl.<init>(ConnectionImpl.java:455)
	at com.mysql.cj.jdbc.ConnectionImpl.getInstance(ConnectionImpl.java:240)
	at com.mysql.cj.jdbc.NonRegisteringDriver.connect(NonRegisteringDriver.java:199)
	at com.alibaba.druid.filter.FilterChainImpl.connection_connect(FilterChainImpl.java:156)
	at com.alibaba.druid.filter.stat.StatFilter.connection_connect(StatFilter.java:218)
	at com.alibaba.druid.filter.FilterChainImpl.connection_connect(FilterChainImpl.java:150)
	at com.alibaba.druid.pool.DruidAbstractDataSource.createPhysicalConnection(DruidAbstractDataSource.java:1560)
	at com.alibaba.druid.pool.DruidAbstractDataSource.createPhysicalConnection(DruidAbstractDataSource.java:1623)
	at com.alibaba.druid.pool.DruidDataSource$CreateConnectionThread.run(DruidDataSource.java:2468)

2021-09-15 14:12:03.713 ERROR 12956 --- [Druid-ConnectionPool-Create-560165559] com.alibaba.druid.pool.DruidDataSource   : create connection SQLException, url: jdbc:mysql://localhost:3306/information_collect?useUnicode=true&characterEncoding=utf-8&serverTimezone=Asia/Shanghai, errorCode 1045, state 28000

java.sql.SQLException: Access denied for user 'root'@'localhost' (using password: YES)
	at com.mysql.cj.jdbc.exceptions.SQLError.createSQLException(SQLError.java:129)
	at com.mysql.cj.jdbc.exceptions.SQLError.createSQLException(SQLError.java:97)
	at com.mysql.cj.jdbc.exceptions.SQLExceptionsMapping.translateException(SQLExceptionsMapping.java:122)
	at com.mysql.cj.jdbc.ConnectionImpl.createNewIO(ConnectionImpl.java:835)
	at com.mysql.cj.jdbc.ConnectionImpl.<init>(ConnectionImpl.java:455)
	at com.mysql.cj.jdbc.ConnectionImpl.getInstance(ConnectionImpl.java:240)
	at com.mysql.cj.jdbc.NonRegisteringDriver.connect(NonRegisteringDriver.java:199)
	at com.alibaba.druid.filter.FilterChainImpl.connection_connect(FilterChainImpl.java:156)
	at com.alibaba.druid.filter.stat.StatFilter.connection_connect(StatFilter.java:218)
	at com.alibaba.druid.filter.FilterChainImpl.connection_connect(FilterChainImpl.java:150)
	at com.alibaba.druid.pool.DruidAbstractDataSource.createPhysicalConnection(DruidAbstractDataSource.java:1560)
	at com.alibaba.druid.pool.DruidAbstractDataSource.createPhysicalConnection(DruidAbstractDataSource.java:1623)
	at com.alibaba.druid.pool.DruidDataSource$CreateConnectionThread.run(DruidDataSource.java:2468)

2021-09-15 14:12:04.216 ERROR 12956 --- [Druid-ConnectionPool-Create-560165559] com.alibaba.druid.pool.DruidDataSource   : create connection SQLException, url: jdbc:mysql://localhost:3306/information_collect?useUnicode=true&characterEncoding=utf-8&serverTimezone=Asia/Shanghai, errorCode 1045, state 28000

java.sql.SQLException: Access denied for user 'root'@'localhost' (using password: YES)
	at com.mysql.cj.jdbc.exceptions.SQLError.createSQLException(SQLError.java:129)
	at com.mysql.cj.jdbc.exceptions.SQLError.createSQLException(SQLError.java:97)
	at com.mysql.cj.jdbc.exceptions.SQLExceptionsMapping.translateException(SQLExceptionsMapping.java:122)
	at com.mysql.cj.jdbc.ConnectionImpl.createNewIO(ConnectionImpl.java:835)
	at com.mysql.cj.jdbc.ConnectionImpl.<init>(ConnectionImpl.java:455)
	at com.mysql.cj.jdbc.ConnectionImpl.getInstance(ConnectionImpl.java:240)
	at com.mysql.cj.jdbc.NonRegisteringDriver.connect(NonRegisteringDriver.java:199)
	at com.alibaba.druid.filter.FilterChainImpl.connection_connect(FilterChainImpl.java:156)
	at com.alibaba.druid.filter.stat.StatFilter.connection_connect(StatFilter.java:218)
	at com.alibaba.druid.filter.FilterChainImpl.connection_connect(FilterChainImpl.java:150)
	at com.alibaba.druid.pool.DruidAbstractDataSource.createPhysicalConnection(DruidAbstractDataSource.java:1560)
	at com.alibaba.druid.pool.DruidAbstractDataSource.createPhysicalConnection(DruidAbstractDataSource.java:1623)
	at com.alibaba.druid.pool.DruidDataSource$CreateConnectionThread.run(DruidDataSource.java:2468)

2021-09-15 14:12:04.717 ERROR 12956 --- [Druid-ConnectionPool-Create-560165559] com.alibaba.druid.pool.DruidDataSource   : create connection SQLException, url: jdbc:mysql://localhost:3306/information_collect?useUnicode=true&characterEncoding=utf-8&serverTimezone=Asia/Shanghai, errorCode 1045, state 28000

java.sql.SQLException: Access denied for user 'root'@'localhost' (using password: YES)
	at com.mysql.cj.jdbc.exceptions.SQLError.createSQLException(SQLError.java:129)
	at com.mysql.cj.jdbc.exceptions.SQLError.createSQLException(SQLError.java:97)
	at com.mysql.cj.jdbc.exceptions.SQLExceptionsMapping.translateException(SQLExceptionsMapping.java:122)
	at com.mysql.cj.jdbc.ConnectionImpl.createNewIO(ConnectionImpl.java:835)
	at com.mysql.cj.jdbc.ConnectionImpl.<init>(ConnectionImpl.java:455)
	at com.mysql.cj.jdbc.ConnectionImpl.getInstance(ConnectionImpl.java:240)
	at com.mysql.cj.jdbc.NonRegisteringDriver.connect(NonRegisteringDriver.java:199)
	at com.alibaba.druid.filter.FilterChainImpl.connection_connect(FilterChainImpl.java:156)
	at com.alibaba.druid.filter.stat.StatFilter.connection_connect(StatFilter.java:218)
	at com.alibaba.druid.filter.FilterChainImpl.connection_connect(FilterChainImpl.java:150)
	at com.alibaba.druid.pool.DruidAbstractDataSource.createPhysicalConnection(DruidAbstractDataSource.java:1560)
	at com.alibaba.druid.pool.DruidAbstractDataSource.createPhysicalConnection(DruidAbstractDataSource.java:1623)
	at com.alibaba.druid.pool.DruidDataSource$CreateConnectionThread.run(DruidDataSource.java:2468)

2021-09-15 14:12:05.218 ERROR 12956 --- [Druid-ConnectionPool-Create-560165559] com.alibaba.druid.pool.DruidDataSource   : create connection SQLException, url: jdbc:mysql://localhost:3306/information_collect?useUnicode=true&characterEncoding=utf-8&serverTimezone=Asia/Shanghai, errorCode 1045, state 28000

java.sql.SQLException: Access denied for user 'root'@'localhost' (using password: YES)
	at com.mysql.cj.jdbc.exceptions.SQLError.createSQLException(SQLError.java:129)
	at com.mysql.cj.jdbc.exceptions.SQLError.createSQLException(SQLError.java:97)
	at com.mysql.cj.jdbc.exceptions.SQLExceptionsMapping.translateException(SQLExceptionsMapping.java:122)
	at com.mysql.cj.jdbc.ConnectionImpl.createNewIO(ConnectionImpl.java:835)
	at com.mysql.cj.jdbc.ConnectionImpl.<init>(ConnectionImpl.java:455)
	at com.mysql.cj.jdbc.ConnectionImpl.getInstance(ConnectionImpl.java:240)
	at com.mysql.cj.jdbc.NonRegisteringDriver.connect(NonRegisteringDriver.java:199)
	at com.alibaba.druid.filter.FilterChainImpl.connection_connect(FilterChainImpl.java:156)
	at com.alibaba.druid.filter.stat.StatFilter.connection_connect(StatFilter.java:218)
	at com.alibaba.druid.filter.FilterChainImpl.connection_connect(FilterChainImpl.java:150)
	at com.alibaba.druid.pool.DruidAbstractDataSource.createPhysicalConnection(DruidAbstractDataSource.java:1560)
	at com.alibaba.druid.pool.DruidAbstractDataSource.createPhysicalConnection(DruidAbstractDataSource.java:1623)
	at com.alibaba.druid.pool.DruidDataSource$CreateConnectionThread.run(DruidDataSource.java:2468)

2021-09-15 14:12:05.720 ERROR 12956 --- [Druid-ConnectionPool-Create-560165559] com.alibaba.druid.pool.DruidDataSource   : create connection SQLException, url: jdbc:mysql://localhost:3306/information_collect?useUnicode=true&characterEncoding=utf-8&serverTimezone=Asia/Shanghai, errorCode 1045, state 28000

java.sql.SQLException: Access denied for user 'root'@'localhost' (using password: YES)
	at com.mysql.cj.jdbc.exceptions.SQLError.createSQLException(SQLError.java:129)
	at com.mysql.cj.jdbc.exceptions.SQLError.createSQLException(SQLError.java:97)
	at com.mysql.cj.jdbc.exceptions.SQLExceptionsMapping.translateException(SQLExceptionsMapping.java:122)
	at com.mysql.cj.jdbc.ConnectionImpl.createNewIO(ConnectionImpl.java:835)
	at com.mysql.cj.jdbc.ConnectionImpl.<init>(ConnectionImpl.java:455)
	at com.mysql.cj.jdbc.ConnectionImpl.getInstance(ConnectionImpl.java:240)
	at com.mysql.cj.jdbc.NonRegisteringDriver.connect(NonRegisteringDriver.java:199)
	at com.alibaba.druid.filter.FilterChainImpl.connection_connect(FilterChainImpl.java:156)
	at com.alibaba.druid.filter.stat.StatFilter.connection_connect(StatFilter.java:218)
	at com.alibaba.druid.filter.FilterChainImpl.connection_connect(FilterChainImpl.java:150)
	at com.alibaba.druid.pool.DruidAbstractDataSource.createPhysicalConnection(DruidAbstractDataSource.java:1560)
	at com.alibaba.druid.pool.DruidAbstractDataSource.createPhysicalConnection(DruidAbstractDataSource.java:1623)
	at com.alibaba.druid.pool.DruidDataSource$CreateConnectionThread.run(DruidDataSource.java:2468)

2021-09-15 14:12:06.223 ERROR 12956 --- [Druid-ConnectionPool-Create-560165559] com.alibaba.druid.pool.DruidDataSource   : create connection SQLException, url: jdbc:mysql://localhost:3306/information_collect?useUnicode=true&characterEncoding=utf-8&serverTimezone=Asia/Shanghai, errorCode 1045, state 28000

java.sql.SQLException: Access denied for user 'root'@'localhost' (using password: YES)
	at com.mysql.cj.jdbc.exceptions.SQLError.createSQLException(SQLError.java:129)
	at com.mysql.cj.jdbc.exceptions.SQLError.createSQLException(SQLError.java:97)
	at com.mysql.cj.jdbc.exceptions.SQLExceptionsMapping.translateException(SQLExceptionsMapping.java:122)
	at com.mysql.cj.jdbc.ConnectionImpl.createNewIO(ConnectionImpl.java:835)
	at com.mysql.cj.jdbc.ConnectionImpl.<init>(ConnectionImpl.java:455)
	at com.mysql.cj.jdbc.ConnectionImpl.getInstance(ConnectionImpl.java:240)
	at com.mysql.cj.jdbc.NonRegisteringDriver.connect(NonRegisteringDriver.java:199)
	at com.alibaba.druid.filter.FilterChainImpl.connection_connect(FilterChainImpl.java:156)
	at com.alibaba.druid.filter.stat.StatFilter.connection_connect(StatFilter.java:218)
	at com.alibaba.druid.filter.FilterChainImpl.connection_connect(FilterChainImpl.java:150)
	at com.alibaba.druid.pool.DruidAbstractDataSource.createPhysicalConnection(DruidAbstractDataSource.java:1560)
	at com.alibaba.druid.pool.DruidAbstractDataSource.createPhysicalConnection(DruidAbstractDataSource.java:1623)
	at com.alibaba.druid.pool.DruidDataSource$CreateConnectionThread.run(DruidDataSource.java:2468)

2021-09-15 14:12:06.724 ERROR 12956 --- [Druid-ConnectionPool-Create-560165559] com.alibaba.druid.pool.DruidDataSource   : create connection SQLException, url: jdbc:mysql://localhost:3306/information_collect?useUnicode=true&characterEncoding=utf-8&serverTimezone=Asia/Shanghai, errorCode 1045, state 28000

java.sql.SQLException: Access denied for user 'root'@'localhost' (using password: YES)
	at com.mysql.cj.jdbc.exceptions.SQLError.createSQLException(SQLError.java:129)
	at com.mysql.cj.jdbc.exceptions.SQLError.createSQLException(SQLError.java:97)
	at com.mysql.cj.jdbc.exceptions.SQLExceptionsMapping.translateException(SQLExceptionsMapping.java:122)
	at com.mysql.cj.jdbc.ConnectionImpl.createNewIO(ConnectionImpl.java:835)
	at com.mysql.cj.jdbc.ConnectionImpl.<init>(ConnectionImpl.java:455)
	at com.mysql.cj.jdbc.ConnectionImpl.getInstance(ConnectionImpl.java:240)
	at com.mysql.cj.jdbc.NonRegisteringDriver.connect(NonRegisteringDriver.java:199)
	at com.alibaba.druid.filter.FilterChainImpl.connection_connect(FilterChainImpl.java:156)
	at com.alibaba.druid.filter.stat.StatFilter.connection_connect(StatFilter.java:218)
	at com.alibaba.druid.filter.FilterChainImpl.connection_connect(FilterChainImpl.java:150)
	at com.alibaba.druid.pool.DruidAbstractDataSource.createPhysicalConnection(DruidAbstractDataSource.java:1560)
	at com.alibaba.druid.pool.DruidAbstractDataSource.createPhysicalConnection(DruidAbstractDataSource.java:1623)
	at com.alibaba.druid.pool.DruidDataSource$CreateConnectionThread.run(DruidDataSource.java:2468)

2021-09-15 14:12:07.227 ERROR 12956 --- [Druid-ConnectionPool-Create-560165559] com.alibaba.druid.pool.DruidDataSource   : create connection SQLException, url: jdbc:mysql://localhost:3306/information_collect?useUnicode=true&characterEncoding=utf-8&serverTimezone=Asia/Shanghai, errorCode 1045, state 28000

java.sql.SQLException: Access denied for user 'root'@'localhost' (using password: YES)
	at com.mysql.cj.jdbc.exceptions.SQLError.createSQLException(SQLError.java:129)
	at com.mysql.cj.jdbc.exceptions.SQLError.createSQLException(SQLError.java:97)
	at com.mysql.cj.jdbc.exceptions.SQLExceptionsMapping.translateException(SQLExceptionsMapping.java:122)
	at com.mysql.cj.jdbc.ConnectionImpl.createNewIO(ConnectionImpl.java:835)
	at com.mysql.cj.jdbc.ConnectionImpl.<init>(ConnectionImpl.java:455)
	at com.mysql.cj.jdbc.ConnectionImpl.getInstance(ConnectionImpl.java:240)
	at com.mysql.cj.jdbc.NonRegisteringDriver.connect(NonRegisteringDriver.java:199)
	at com.alibaba.druid.filter.FilterChainImpl.connection_connect(FilterChainImpl.java:156)
	at com.alibaba.druid.filter.stat.StatFilter.connection_connect(StatFilter.java:218)
	at com.alibaba.druid.filter.FilterChainImpl.connection_connect(FilterChainImpl.java:150)
	at com.alibaba.druid.pool.DruidAbstractDataSource.createPhysicalConnection(DruidAbstractDataSource.java:1560)
	at com.alibaba.druid.pool.DruidAbstractDataSource.createPhysicalConnection(DruidAbstractDataSource.java:1623)
	at com.alibaba.druid.pool.DruidDataSource$CreateConnectionThread.run(DruidDataSource.java:2468)

2021-09-15 14:12:07.729 ERROR 12956 --- [Druid-ConnectionPool-Create-560165559] com.alibaba.druid.pool.DruidDataSource   : create connection SQLException, url: jdbc:mysql://localhost:3306/information_collect?useUnicode=true&characterEncoding=utf-8&serverTimezone=Asia/Shanghai, errorCode 1045, state 28000

java.sql.SQLException: Access denied for user 'root'@'localhost' (using password: YES)
	at com.mysql.cj.jdbc.exceptions.SQLError.createSQLException(SQLError.java:129)
	at com.mysql.cj.jdbc.exceptions.SQLError.createSQLException(SQLError.java:97)
	at com.mysql.cj.jdbc.exceptions.SQLExceptionsMapping.translateException(SQLExceptionsMapping.java:122)
	at com.mysql.cj.jdbc.ConnectionImpl.createNewIO(ConnectionImpl.java:835)
	at com.mysql.cj.jdbc.ConnectionImpl.<init>(ConnectionImpl.java:455)
	at com.mysql.cj.jdbc.ConnectionImpl.getInstance(ConnectionImpl.java:240)
	at com.mysql.cj.jdbc.NonRegisteringDriver.connect(NonRegisteringDriver.java:199)
	at com.alibaba.druid.filter.FilterChainImpl.connection_connect(FilterChainImpl.java:156)
	at com.alibaba.druid.filter.stat.StatFilter.connection_connect(StatFilter.java:218)
	at com.alibaba.druid.filter.FilterChainImpl.connection_connect(FilterChainImpl.java:150)
	at com.alibaba.druid.pool.DruidAbstractDataSource.createPhysicalConnection(DruidAbstractDataSource.java:1560)
	at com.alibaba.druid.pool.DruidAbstractDataSource.createPhysicalConnection(DruidAbstractDataSource.java:1623)
	at com.alibaba.druid.pool.DruidDataSource$CreateConnectionThread.run(DruidDataSource.java:2468)

2021-09-15 14:12:08.232 ERROR 12956 --- [Druid-ConnectionPool-Create-560165559] com.alibaba.druid.pool.DruidDataSource   : create connection SQLException, url: jdbc:mysql://localhost:3306/information_collect?useUnicode=true&characterEncoding=utf-8&serverTimezone=Asia/Shanghai, errorCode 1045, state 28000

java.sql.SQLException: Access denied for user 'root'@'localhost' (using password: YES)
	at com.mysql.cj.jdbc.exceptions.SQLError.createSQLException(SQLError.java:129)
	at com.mysql.cj.jdbc.exceptions.SQLError.createSQLException(SQLError.java:97)
	at com.mysql.cj.jdbc.exceptions.SQLExceptionsMapping.translateException(SQLExceptionsMapping.java:122)
	at com.mysql.cj.jdbc.ConnectionImpl.createNewIO(ConnectionImpl.java:835)
	at com.mysql.cj.jdbc.ConnectionImpl.<init>(ConnectionImpl.java:455)
	at com.mysql.cj.jdbc.ConnectionImpl.getInstance(ConnectionImpl.java:240)
	at com.mysql.cj.jdbc.NonRegisteringDriver.connect(NonRegisteringDriver.java:199)
	at com.alibaba.druid.filter.FilterChainImpl.connection_connect(FilterChainImpl.java:156)
	at com.alibaba.druid.filter.stat.StatFilter.connection_connect(StatFilter.java:218)
	at com.alibaba.druid.filter.FilterChainImpl.connection_connect(FilterChainImpl.java:150)
	at com.alibaba.druid.pool.DruidAbstractDataSource.createPhysicalConnection(DruidAbstractDataSource.java:1560)
	at com.alibaba.druid.pool.DruidAbstractDataSource.createPhysicalConnection(DruidAbstractDataSource.java:1623)
	at com.alibaba.druid.pool.DruidDataSource$CreateConnectionThread.run(DruidDataSource.java:2468)

2021-09-15 14:12:08.734 ERROR 12956 --- [Druid-ConnectionPool-Create-560165559] com.alibaba.druid.pool.DruidDataSource   : create connection SQLException, url: jdbc:mysql://localhost:3306/information_collect?useUnicode=true&characterEncoding=utf-8&serverTimezone=Asia/Shanghai, errorCode 1045, state 28000

java.sql.SQLException: Access denied for user 'root'@'localhost' (using password: YES)
	at com.mysql.cj.jdbc.exceptions.SQLError.createSQLException(SQLError.java:129)
	at com.mysql.cj.jdbc.exceptions.SQLError.createSQLException(SQLError.java:97)
	at com.mysql.cj.jdbc.exceptions.SQLExceptionsMapping.translateException(SQLExceptionsMapping.java:122)
	at com.mysql.cj.jdbc.ConnectionImpl.createNewIO(ConnectionImpl.java:835)
	at com.mysql.cj.jdbc.ConnectionImpl.<init>(ConnectionImpl.java:455)
	at com.mysql.cj.jdbc.ConnectionImpl.getInstance(ConnectionImpl.java:240)
	at com.mysql.cj.jdbc.NonRegisteringDriver.connect(NonRegisteringDriver.java:199)
	at com.alibaba.druid.filter.FilterChainImpl.connection_connect(FilterChainImpl.java:156)
	at com.alibaba.druid.filter.stat.StatFilter.connection_connect(StatFilter.java:218)
	at com.alibaba.druid.filter.FilterChainImpl.connection_connect(FilterChainImpl.java:150)
	at com.alibaba.druid.pool.DruidAbstractDataSource.createPhysicalConnection(DruidAbstractDataSource.java:1560)
	at com.alibaba.druid.pool.DruidAbstractDataSource.createPhysicalConnection(DruidAbstractDataSource.java:1623)
	at com.alibaba.druid.pool.DruidDataSource$CreateConnectionThread.run(DruidDataSource.java:2468)

2021-09-15 14:12:09.236 ERROR 12956 --- [Druid-ConnectionPool-Create-560165559] com.alibaba.druid.pool.DruidDataSource   : create connection SQLException, url: jdbc:mysql://localhost:3306/information_collect?useUnicode=true&characterEncoding=utf-8&serverTimezone=Asia/Shanghai, errorCode 1045, state 28000

java.sql.SQLException: Access denied for user 'root'@'localhost' (using password: YES)
	at com.mysql.cj.jdbc.exceptions.SQLError.createSQLException(SQLError.java:129)
	at com.mysql.cj.jdbc.exceptions.SQLError.createSQLException(SQLError.java:97)
	at com.mysql.cj.jdbc.exceptions.SQLExceptionsMapping.translateException(SQLExceptionsMapping.java:122)
	at com.mysql.cj.jdbc.ConnectionImpl.createNewIO(ConnectionImpl.java:835)
	at com.mysql.cj.jdbc.ConnectionImpl.<init>(ConnectionImpl.java:455)
	at com.mysql.cj.jdbc.ConnectionImpl.getInstance(ConnectionImpl.java:240)
	at com.mysql.cj.jdbc.NonRegisteringDriver.connect(NonRegisteringDriver.java:199)
	at com.alibaba.druid.filter.FilterChainImpl.connection_connect(FilterChainImpl.java:156)
	at com.alibaba.druid.filter.stat.StatFilter.connection_connect(StatFilter.java:218)
	at com.alibaba.druid.filter.FilterChainImpl.connection_connect(FilterChainImpl.java:150)
	at com.alibaba.druid.pool.DruidAbstractDataSource.createPhysicalConnection(DruidAbstractDataSource.java:1560)
	at com.alibaba.druid.pool.DruidAbstractDataSource.createPhysicalConnection(DruidAbstractDataSource.java:1623)
	at com.alibaba.druid.pool.DruidDataSource$CreateConnectionThread.run(DruidDataSource.java:2468)

2021-09-15 14:12:09.738 ERROR 12956 --- [Druid-ConnectionPool-Create-560165559] com.alibaba.druid.pool.DruidDataSource   : create connection SQLException, url: jdbc:mysql://localhost:3306/information_collect?useUnicode=true&characterEncoding=utf-8&serverTimezone=Asia/Shanghai, errorCode 1045, state 28000

java.sql.SQLException: Access denied for user 'root'@'localhost' (using password: YES)
	at com.mysql.cj.jdbc.exceptions.SQLError.createSQLException(SQLError.java:129)
	at com.mysql.cj.jdbc.exceptions.SQLError.createSQLException(SQLError.java:97)
	at com.mysql.cj.jdbc.exceptions.SQLExceptionsMapping.translateException(SQLExceptionsMapping.java:122)
	at com.mysql.cj.jdbc.ConnectionImpl.createNewIO(ConnectionImpl.java:835)
	at com.mysql.cj.jdbc.ConnectionImpl.<init>(ConnectionImpl.java:455)
	at com.mysql.cj.jdbc.ConnectionImpl.getInstance(ConnectionImpl.java:240)
	at com.mysql.cj.jdbc.NonRegisteringDriver.connect(NonRegisteringDriver.java:199)
	at com.alibaba.druid.filter.FilterChainImpl.connection_connect(FilterChainImpl.java:156)
	at com.alibaba.druid.filter.stat.StatFilter.connection_connect(StatFilter.java:218)
	at com.alibaba.druid.filter.FilterChainImpl.connection_connect(FilterChainImpl.java:150)
	at com.alibaba.druid.pool.DruidAbstractDataSource.createPhysicalConnection(DruidAbstractDataSource.java:1560)
	at com.alibaba.druid.pool.DruidAbstractDataSource.createPhysicalConnection(DruidAbstractDataSource.java:1623)
	at com.alibaba.druid.pool.DruidDataSource$CreateConnectionThread.run(DruidDataSource.java:2468)

2021-09-15 14:12:10.240 ERROR 12956 --- [Druid-ConnectionPool-Create-560165559] com.alibaba.druid.pool.DruidDataSource   : create connection SQLException, url: jdbc:mysql://localhost:3306/information_collect?useUnicode=true&characterEncoding=utf-8&serverTimezone=Asia/Shanghai, errorCode 1045, state 28000

java.sql.SQLException: Access denied for user 'root'@'localhost' (using password: YES)
	at com.mysql.cj.jdbc.exceptions.SQLError.createSQLException(SQLError.java:129)
	at com.mysql.cj.jdbc.exceptions.SQLError.createSQLException(SQLError.java:97)
	at com.mysql.cj.jdbc.exceptions.SQLExceptionsMapping.translateException(SQLExceptionsMapping.java:122)
	at com.mysql.cj.jdbc.ConnectionImpl.createNewIO(ConnectionImpl.java:835)
	at com.mysql.cj.jdbc.ConnectionImpl.<init>(ConnectionImpl.java:455)
	at com.mysql.cj.jdbc.ConnectionImpl.getInstance(ConnectionImpl.java:240)
	at com.mysql.cj.jdbc.NonRegisteringDriver.connect(NonRegisteringDriver.java:199)
	at com.alibaba.druid.filter.FilterChainImpl.connection_connect(FilterChainImpl.java:156)
	at com.alibaba.druid.filter.stat.StatFilter.connection_connect(StatFilter.java:218)
	at com.alibaba.druid.filter.FilterChainImpl.connection_connect(FilterChainImpl.java:150)
	at com.alibaba.druid.pool.DruidAbstractDataSource.createPhysicalConnection(DruidAbstractDataSource.java:1560)
	at com.alibaba.druid.pool.DruidAbstractDataSource.createPhysicalConnection(DruidAbstractDataSource.java:1623)
	at com.alibaba.druid.pool.DruidDataSource$CreateConnectionThread.run(DruidDataSource.java:2468)

2021-09-15 14:12:10.743 ERROR 12956 --- [Druid-ConnectionPool-Create-560165559] com.alibaba.druid.pool.DruidDataSource   : create connection SQLException, url: jdbc:mysql://localhost:3306/information_collect?useUnicode=true&characterEncoding=utf-8&serverTimezone=Asia/Shanghai, errorCode 1045, state 28000

java.sql.SQLException: Access denied for user 'root'@'localhost' (using password: YES)
	at com.mysql.cj.jdbc.exceptions.SQLError.createSQLException(SQLError.java:129)
	at com.mysql.cj.jdbc.exceptions.SQLError.createSQLException(SQLError.java:97)
	at com.mysql.cj.jdbc.exceptions.SQLExceptionsMapping.translateException(SQLExceptionsMapping.java:122)
	at com.mysql.cj.jdbc.ConnectionImpl.createNewIO(ConnectionImpl.java:835)
	at com.mysql.cj.jdbc.ConnectionImpl.<init>(ConnectionImpl.java:455)
	at com.mysql.cj.jdbc.ConnectionImpl.getInstance(ConnectionImpl.java:240)
	at com.mysql.cj.jdbc.NonRegisteringDriver.connect(NonRegisteringDriver.java:199)
	at com.alibaba.druid.filter.FilterChainImpl.connection_connect(FilterChainImpl.java:156)
	at com.alibaba.druid.filter.stat.StatFilter.connection_connect(StatFilter.java:218)
	at com.alibaba.druid.filter.FilterChainImpl.connection_connect(FilterChainImpl.java:150)
	at com.alibaba.druid.pool.DruidAbstractDataSource.createPhysicalConnection(DruidAbstractDataSource.java:1560)
	at com.alibaba.druid.pool.DruidAbstractDataSource.createPhysicalConnection(DruidAbstractDataSource.java:1623)
	at com.alibaba.druid.pool.DruidDataSource$CreateConnectionThread.run(DruidDataSource.java:2468)

2021-09-15 14:12:11.245 ERROR 12956 --- [Druid-ConnectionPool-Create-560165559] com.alibaba.druid.pool.DruidDataSource   : create connection SQLException, url: jdbc:mysql://localhost:3306/information_collect?useUnicode=true&characterEncoding=utf-8&serverTimezone=Asia/Shanghai, errorCode 1045, state 28000

java.sql.SQLException: Access denied for user 'root'@'localhost' (using password: YES)
	at com.mysql.cj.jdbc.exceptions.SQLError.createSQLException(SQLError.java:129)
	at com.mysql.cj.jdbc.exceptions.SQLError.createSQLException(SQLError.java:97)
	at com.mysql.cj.jdbc.exceptions.SQLExceptionsMapping.translateException(SQLExceptionsMapping.java:122)
	at com.mysql.cj.jdbc.ConnectionImpl.createNewIO(ConnectionImpl.java:835)
	at com.mysql.cj.jdbc.ConnectionImpl.<init>(ConnectionImpl.java:455)
	at com.mysql.cj.jdbc.ConnectionImpl.getInstance(ConnectionImpl.java:240)
	at com.mysql.cj.jdbc.NonRegisteringDriver.connect(NonRegisteringDriver.java:199)
	at com.alibaba.druid.filter.FilterChainImpl.connection_connect(FilterChainImpl.java:156)
	at com.alibaba.druid.filter.stat.StatFilter.connection_connect(StatFilter.java:218)
	at com.alibaba.druid.filter.FilterChainImpl.connection_connect(FilterChainImpl.java:150)
	at com.alibaba.druid.pool.DruidAbstractDataSource.createPhysicalConnection(DruidAbstractDataSource.java:1560)
	at com.alibaba.druid.pool.DruidAbstractDataSource.createPhysicalConnection(DruidAbstractDataSource.java:1623)
	at com.alibaba.druid.pool.DruidDataSource$CreateConnectionThread.run(DruidDataSource.java:2468)

2021-09-15 14:12:11.747 ERROR 12956 --- [Druid-ConnectionPool-Create-560165559] com.alibaba.druid.pool.DruidDataSource   : create connection SQLException, url: jdbc:mysql://localhost:3306/information_collect?useUnicode=true&characterEncoding=utf-8&serverTimezone=Asia/Shanghai, errorCode 1045, state 28000

java.sql.SQLException: Access denied for user 'root'@'localhost' (using password: YES)
	at com.mysql.cj.jdbc.exceptions.SQLError.createSQLException(SQLError.java:129)
	at com.mysql.cj.jdbc.exceptions.SQLError.createSQLException(SQLError.java:97)
	at com.mysql.cj.jdbc.exceptions.SQLExceptionsMapping.translateException(SQLExceptionsMapping.java:122)
	at com.mysql.cj.jdbc.ConnectionImpl.createNewIO(ConnectionImpl.java:835)
	at com.mysql.cj.jdbc.ConnectionImpl.<init>(ConnectionImpl.java:455)
	at com.mysql.cj.jdbc.ConnectionImpl.getInstance(ConnectionImpl.java:240)
	at com.mysql.cj.jdbc.NonRegisteringDriver.connect(NonRegisteringDriver.java:199)
	at com.alibaba.druid.filter.FilterChainImpl.connection_connect(FilterChainImpl.java:156)
	at com.alibaba.druid.filter.stat.StatFilter.connection_connect(StatFilter.java:218)
	at com.alibaba.druid.filter.FilterChainImpl.connection_connect(FilterChainImpl.java:150)
	at com.alibaba.druid.pool.DruidAbstractDataSource.createPhysicalConnection(DruidAbstractDataSource.java:1560)
	at com.alibaba.druid.pool.DruidAbstractDataSource.createPhysicalConnection(DruidAbstractDataSource.java:1623)
	at com.alibaba.druid.pool.DruidDataSource$CreateConnectionThread.run(DruidDataSource.java:2468)

2021-09-15 14:12:12.249 ERROR 12956 --- [Druid-ConnectionPool-Create-560165559] com.alibaba.druid.pool.DruidDataSource   : create connection SQLException, url: jdbc:mysql://localhost:3306/information_collect?useUnicode=true&characterEncoding=utf-8&serverTimezone=Asia/Shanghai, errorCode 1045, state 28000

java.sql.SQLException: Access denied for user 'root'@'localhost' (using password: YES)
	at com.mysql.cj.jdbc.exceptions.SQLError.createSQLException(SQLError.java:129)
	at com.mysql.cj.jdbc.exceptions.SQLError.createSQLException(SQLError.java:97)
	at com.mysql.cj.jdbc.exceptions.SQLExceptionsMapping.translateException(SQLExceptionsMapping.java:122)
	at com.mysql.cj.jdbc.ConnectionImpl.createNewIO(ConnectionImpl.java:835)
	at com.mysql.cj.jdbc.ConnectionImpl.<init>(ConnectionImpl.java:455)
	at com.mysql.cj.jdbc.ConnectionImpl.getInstance(ConnectionImpl.java:240)
	at com.mysql.cj.jdbc.NonRegisteringDriver.connect(NonRegisteringDriver.java:199)
	at com.alibaba.druid.filter.FilterChainImpl.connection_connect(FilterChainImpl.java:156)
	at com.alibaba.druid.filter.stat.StatFilter.connection_connect(StatFilter.java:218)
	at com.alibaba.druid.filter.FilterChainImpl.connection_connect(FilterChainImpl.java:150)
	at com.alibaba.druid.pool.DruidAbstractDataSource.createPhysicalConnection(DruidAbstractDataSource.java:1560)
	at com.alibaba.druid.pool.DruidAbstractDataSource.createPhysicalConnection(DruidAbstractDataSource.java:1623)
	at com.alibaba.druid.pool.DruidDataSource$CreateConnectionThread.run(DruidDataSource.java:2468)

2021-09-15 14:12:12.752 ERROR 12956 --- [Druid-ConnectionPool-Create-560165559] com.alibaba.druid.pool.DruidDataSource   : create connection SQLException, url: jdbc:mysql://localhost:3306/information_collect?useUnicode=true&characterEncoding=utf-8&serverTimezone=Asia/Shanghai, errorCode 1045, state 28000

java.sql.SQLException: Access denied for user 'root'@'localhost' (using password: YES)
	at com.mysql.cj.jdbc.exceptions.SQLError.createSQLException(SQLError.java:129)
	at com.mysql.cj.jdbc.exceptions.SQLError.createSQLException(SQLError.java:97)
	at com.mysql.cj.jdbc.exceptions.SQLExceptionsMapping.translateException(SQLExceptionsMapping.java:122)
	at com.mysql.cj.jdbc.ConnectionImpl.createNewIO(ConnectionImpl.java:835)
	at com.mysql.cj.jdbc.ConnectionImpl.<init>(ConnectionImpl.java:455)
	at com.mysql.cj.jdbc.ConnectionImpl.getInstance(ConnectionImpl.java:240)
	at com.mysql.cj.jdbc.NonRegisteringDriver.connect(NonRegisteringDriver.java:199)
	at com.alibaba.druid.filter.FilterChainImpl.connection_connect(FilterChainImpl.java:156)
	at com.alibaba.druid.filter.stat.StatFilter.connection_connect(StatFilter.java:218)
	at com.alibaba.druid.filter.FilterChainImpl.connection_connect(FilterChainImpl.java:150)
	at com.alibaba.druid.pool.DruidAbstractDataSource.createPhysicalConnection(DruidAbstractDataSource.java:1560)
	at com.alibaba.druid.pool.DruidAbstractDataSource.createPhysicalConnection(DruidAbstractDataSource.java:1623)
	at com.alibaba.druid.pool.DruidDataSource$CreateConnectionThread.run(DruidDataSource.java:2468)

2021-09-15 14:12:13.254 ERROR 12956 --- [Druid-ConnectionPool-Create-560165559] com.alibaba.druid.pool.DruidDataSource   : create connection SQLException, url: jdbc:mysql://localhost:3306/information_collect?useUnicode=true&characterEncoding=utf-8&serverTimezone=Asia/Shanghai, errorCode 1045, state 28000

java.sql.SQLException: Access denied for user 'root'@'localhost' (using password: YES)
	at com.mysql.cj.jdbc.exceptions.SQLError.createSQLException(SQLError.java:129)
	at com.mysql.cj.jdbc.exceptions.SQLError.createSQLException(SQLError.java:97)
	at com.mysql.cj.jdbc.exceptions.SQLExceptionsMapping.translateException(SQLExceptionsMapping.java:122)
	at com.mysql.cj.jdbc.ConnectionImpl.createNewIO(ConnectionImpl.java:835)
	at com.mysql.cj.jdbc.ConnectionImpl.<init>(ConnectionImpl.java:455)
	at com.mysql.cj.jdbc.ConnectionImpl.getInstance(ConnectionImpl.java:240)
	at com.mysql.cj.jdbc.NonRegisteringDriver.connect(NonRegisteringDriver.java:199)
	at com.alibaba.druid.filter.FilterChainImpl.connection_connect(FilterChainImpl.java:156)
	at com.alibaba.druid.filter.stat.StatFilter.connection_connect(StatFilter.java:218)
	at com.alibaba.druid.filter.FilterChainImpl.connection_connect(FilterChainImpl.java:150)
	at com.alibaba.druid.pool.DruidAbstractDataSource.createPhysicalConnection(DruidAbstractDataSource.java:1560)
	at com.alibaba.druid.pool.DruidAbstractDataSource.createPhysicalConnection(DruidAbstractDataSource.java:1623)
	at com.alibaba.druid.pool.DruidDataSource$CreateConnectionThread.run(DruidDataSource.java:2468)

2021-09-15 14:12:13.756 ERROR 12956 --- [Druid-ConnectionPool-Create-560165559] com.alibaba.druid.pool.DruidDataSource   : create connection SQLException, url: jdbc:mysql://localhost:3306/information_collect?useUnicode=true&characterEncoding=utf-8&serverTimezone=Asia/Shanghai, errorCode 1045, state 28000

java.sql.SQLException: Access denied for user 'root'@'localhost' (using password: YES)
	at com.mysql.cj.jdbc.exceptions.SQLError.createSQLException(SQLError.java:129)
	at com.mysql.cj.jdbc.exceptions.SQLError.createSQLException(SQLError.java:97)
	at com.mysql.cj.jdbc.exceptions.SQLExceptionsMapping.translateException(SQLExceptionsMapping.java:122)
	at com.mysql.cj.jdbc.ConnectionImpl.createNewIO(ConnectionImpl.java:835)
	at com.mysql.cj.jdbc.ConnectionImpl.<init>(ConnectionImpl.java:455)
	at com.mysql.cj.jdbc.ConnectionImpl.getInstance(ConnectionImpl.java:240)
	at com.mysql.cj.jdbc.NonRegisteringDriver.connect(NonRegisteringDriver.java:199)
	at com.alibaba.druid.filter.FilterChainImpl.connection_connect(FilterChainImpl.java:156)
	at com.alibaba.druid.filter.stat.StatFilter.connection_connect(StatFilter.java:218)
	at com.alibaba.druid.filter.FilterChainImpl.connection_connect(FilterChainImpl.java:150)
	at com.alibaba.druid.pool.DruidAbstractDataSource.createPhysicalConnection(DruidAbstractDataSource.java:1560)
	at com.alibaba.druid.pool.DruidAbstractDataSource.createPhysicalConnection(DruidAbstractDataSource.java:1623)
	at com.alibaba.druid.pool.DruidDataSource$CreateConnectionThread.run(DruidDataSource.java:2468)

2021-09-15 14:12:14.258 ERROR 12956 --- [Druid-ConnectionPool-Create-560165559] com.alibaba.druid.pool.DruidDataSource   : create connection SQLException, url: jdbc:mysql://localhost:3306/information_collect?useUnicode=true&characterEncoding=utf-8&serverTimezone=Asia/Shanghai, errorCode 1045, state 28000

java.sql.SQLException: Access denied for user 'root'@'localhost' (using password: YES)
	at com.mysql.cj.jdbc.exceptions.SQLError.createSQLException(SQLError.java:129)
	at com.mysql.cj.jdbc.exceptions.SQLError.createSQLException(SQLError.java:97)
	at com.mysql.cj.jdbc.exceptions.SQLExceptionsMapping.translateException(SQLExceptionsMapping.java:122)
	at com.mysql.cj.jdbc.ConnectionImpl.createNewIO(ConnectionImpl.java:835)
	at com.mysql.cj.jdbc.ConnectionImpl.<init>(ConnectionImpl.java:455)
	at com.mysql.cj.jdbc.ConnectionImpl.getInstance(ConnectionImpl.java:240)
	at com.mysql.cj.jdbc.NonRegisteringDriver.connect(NonRegisteringDriver.java:199)
	at com.alibaba.druid.filter.FilterChainImpl.connection_connect(FilterChainImpl.java:156)
	at com.alibaba.druid.filter.stat.StatFilter.connection_connect(StatFilter.java:218)
	at com.alibaba.druid.filter.FilterChainImpl.connection_connect(FilterChainImpl.java:150)
	at com.alibaba.druid.pool.DruidAbstractDataSource.createPhysicalConnection(DruidAbstractDataSource.java:1560)
	at com.alibaba.druid.pool.DruidAbstractDataSource.createPhysicalConnection(DruidAbstractDataSource.java:1623)
	at com.alibaba.druid.pool.DruidDataSource$CreateConnectionThread.run(DruidDataSource.java:2468)

2021-09-15 14:12:14.761 ERROR 12956 --- [Druid-ConnectionPool-Create-560165559] com.alibaba.druid.pool.DruidDataSource   : create connection SQLException, url: jdbc:mysql://localhost:3306/information_collect?useUnicode=true&characterEncoding=utf-8&serverTimezone=Asia/Shanghai, errorCode 1045, state 28000

java.sql.SQLException: Access denied for user 'root'@'localhost' (using password: YES)
	at com.mysql.cj.jdbc.exceptions.SQLError.createSQLException(SQLError.java:129)
	at com.mysql.cj.jdbc.exceptions.SQLError.createSQLException(SQLError.java:97)
	at com.mysql.cj.jdbc.exceptions.SQLExceptionsMapping.translateException(SQLExceptionsMapping.java:122)
	at com.mysql.cj.jdbc.ConnectionImpl.createNewIO(ConnectionImpl.java:835)
	at com.mysql.cj.jdbc.ConnectionImpl.<init>(ConnectionImpl.java:455)
	at com.mysql.cj.jdbc.ConnectionImpl.getInstance(ConnectionImpl.java:240)
	at com.mysql.cj.jdbc.NonRegisteringDriver.connect(NonRegisteringDriver.java:199)
	at com.alibaba.druid.filter.FilterChainImpl.connection_connect(FilterChainImpl.java:156)
	at com.alibaba.druid.filter.stat.StatFilter.connection_connect(StatFilter.java:218)
	at com.alibaba.druid.filter.FilterChainImpl.connection_connect(FilterChainImpl.java:150)
	at com.alibaba.druid.pool.DruidAbstractDataSource.createPhysicalConnection(DruidAbstractDataSource.java:1560)
	at com.alibaba.druid.pool.DruidAbstractDataSource.createPhysicalConnection(DruidAbstractDataSource.java:1623)
	at com.alibaba.druid.pool.DruidDataSource$CreateConnectionThread.run(DruidDataSource.java:2468)

2021-09-15 14:12:15.263 ERROR 12956 --- [Druid-ConnectionPool-Create-560165559] com.alibaba.druid.pool.DruidDataSource   : create connection SQLException, url: jdbc:mysql://localhost:3306/information_collect?useUnicode=true&characterEncoding=utf-8&serverTimezone=Asia/Shanghai, errorCode 1045, state 28000

java.sql.SQLException: Access denied for user 'root'@'localhost' (using password: YES)
	at com.mysql.cj.jdbc.exceptions.SQLError.createSQLException(SQLError.java:129)
	at com.mysql.cj.jdbc.exceptions.SQLError.createSQLException(SQLError.java:97)
	at com.mysql.cj.jdbc.exceptions.SQLExceptionsMapping.translateException(SQLExceptionsMapping.java:122)
	at com.mysql.cj.jdbc.ConnectionImpl.createNewIO(ConnectionImpl.java:835)
	at com.mysql.cj.jdbc.ConnectionImpl.<init>(ConnectionImpl.java:455)
	at com.mysql.cj.jdbc.ConnectionImpl.getInstance(ConnectionImpl.java:240)
	at com.mysql.cj.jdbc.NonRegisteringDriver.connect(NonRegisteringDriver.java:199)
	at com.alibaba.druid.filter.FilterChainImpl.connection_connect(FilterChainImpl.java:156)
	at com.alibaba.druid.filter.stat.StatFilter.connection_connect(StatFilter.java:218)
	at com.alibaba.druid.filter.FilterChainImpl.connection_connect(FilterChainImpl.java:150)
	at com.alibaba.druid.pool.DruidAbstractDataSource.createPhysicalConnection(DruidAbstractDataSource.java:1560)
	at com.alibaba.druid.pool.DruidAbstractDataSource.createPhysicalConnection(DruidAbstractDataSource.java:1623)
	at com.alibaba.druid.pool.DruidDataSource$CreateConnectionThread.run(DruidDataSource.java:2468)

2021-09-15 14:12:15.764 ERROR 12956 --- [Druid-ConnectionPool-Create-560165559] com.alibaba.druid.pool.DruidDataSource   : create connection SQLException, url: jdbc:mysql://localhost:3306/information_collect?useUnicode=true&characterEncoding=utf-8&serverTimezone=Asia/Shanghai, errorCode 1045, state 28000

java.sql.SQLException: Access denied for user 'root'@'localhost' (using password: YES)
	at com.mysql.cj.jdbc.exceptions.SQLError.createSQLException(SQLError.java:129)
	at com.mysql.cj.jdbc.exceptions.SQLError.createSQLException(SQLError.java:97)
	at com.mysql.cj.jdbc.exceptions.SQLExceptionsMapping.translateException(SQLExceptionsMapping.java:122)
	at com.mysql.cj.jdbc.ConnectionImpl.createNewIO(ConnectionImpl.java:835)
	at com.mysql.cj.jdbc.ConnectionImpl.<init>(ConnectionImpl.java:455)
	at com.mysql.cj.jdbc.ConnectionImpl.getInstance(ConnectionImpl.java:240)
	at com.mysql.cj.jdbc.NonRegisteringDriver.connect(NonRegisteringDriver.java:199)
	at com.alibaba.druid.filter.FilterChainImpl.connection_connect(FilterChainImpl.java:156)
	at com.alibaba.druid.filter.stat.StatFilter.connection_connect(StatFilter.java:218)
	at com.alibaba.druid.filter.FilterChainImpl.connection_connect(FilterChainImpl.java:150)
	at com.alibaba.druid.pool.DruidAbstractDataSource.createPhysicalConnection(DruidAbstractDataSource.java:1560)
	at com.alibaba.druid.pool.DruidAbstractDataSource.createPhysicalConnection(DruidAbstractDataSource.java:1623)
	at com.alibaba.druid.pool.DruidDataSource$CreateConnectionThread.run(DruidDataSource.java:2468)

2021-09-15 14:12:16.266 ERROR 12956 --- [Druid-ConnectionPool-Create-560165559] com.alibaba.druid.pool.DruidDataSource   : create connection SQLException, url: jdbc:mysql://localhost:3306/information_collect?useUnicode=true&characterEncoding=utf-8&serverTimezone=Asia/Shanghai, errorCode 1045, state 28000

java.sql.SQLException: Access denied for user 'root'@'localhost' (using password: YES)
	at com.mysql.cj.jdbc.exceptions.SQLError.createSQLException(SQLError.java:129)
	at com.mysql.cj.jdbc.exceptions.SQLError.createSQLException(SQLError.java:97)
	at com.mysql.cj.jdbc.exceptions.SQLExceptionsMapping.translateException(SQLExceptionsMapping.java:122)
	at com.mysql.cj.jdbc.ConnectionImpl.createNewIO(ConnectionImpl.java:835)
	at com.mysql.cj.jdbc.ConnectionImpl.<init>(ConnectionImpl.java:455)
	at com.mysql.cj.jdbc.ConnectionImpl.getInstance(ConnectionImpl.java:240)
	at com.mysql.cj.jdbc.NonRegisteringDriver.connect(NonRegisteringDriver.java:199)
	at com.alibaba.druid.filter.FilterChainImpl.connection_connect(FilterChainImpl.java:156)
	at com.alibaba.druid.filter.stat.StatFilter.connection_connect(StatFilter.java:218)
	at com.alibaba.druid.filter.FilterChainImpl.connection_connect(FilterChainImpl.java:150)
	at com.alibaba.druid.pool.DruidAbstractDataSource.createPhysicalConnection(DruidAbstractDataSource.java:1560)
	at com.alibaba.druid.pool.DruidAbstractDataSource.createPhysicalConnection(DruidAbstractDataSource.java:1623)
	at com.alibaba.druid.pool.DruidDataSource$CreateConnectionThread.run(DruidDataSource.java:2468)

2021-09-15 14:12:16.768 ERROR 12956 --- [Druid-ConnectionPool-Create-560165559] com.alibaba.druid.pool.DruidDataSource   : create connection SQLException, url: jdbc:mysql://localhost:3306/information_collect?useUnicode=true&characterEncoding=utf-8&serverTimezone=Asia/Shanghai, errorCode 1045, state 28000

java.sql.SQLException: Access denied for user 'root'@'localhost' (using password: YES)
	at com.mysql.cj.jdbc.exceptions.SQLError.createSQLException(SQLError.java:129)
	at com.mysql.cj.jdbc.exceptions.SQLError.createSQLException(SQLError.java:97)
	at com.mysql.cj.jdbc.exceptions.SQLExceptionsMapping.translateException(SQLExceptionsMapping.java:122)
	at com.mysql.cj.jdbc.ConnectionImpl.createNewIO(ConnectionImpl.java:835)
	at com.mysql.cj.jdbc.ConnectionImpl.<init>(ConnectionImpl.java:455)
	at com.mysql.cj.jdbc.ConnectionImpl.getInstance(ConnectionImpl.java:240)
	at com.mysql.cj.jdbc.NonRegisteringDriver.connect(NonRegisteringDriver.java:199)
	at com.alibaba.druid.filter.FilterChainImpl.connection_connect(FilterChainImpl.java:156)
	at com.alibaba.druid.filter.stat.StatFilter.connection_connect(StatFilter.java:218)
	at com.alibaba.druid.filter.FilterChainImpl.connection_connect(FilterChainImpl.java:150)
	at com.alibaba.druid.pool.DruidAbstractDataSource.createPhysicalConnection(DruidAbstractDataSource.java:1560)
	at com.alibaba.druid.pool.DruidAbstractDataSource.createPhysicalConnection(DruidAbstractDataSource.java:1623)
	at com.alibaba.druid.pool.DruidDataSource$CreateConnectionThread.run(DruidDataSource.java:2468)

2021-09-15 14:12:17.271 ERROR 12956 --- [Druid-ConnectionPool-Create-560165559] com.alibaba.druid.pool.DruidDataSource   : create connection SQLException, url: jdbc:mysql://localhost:3306/information_collect?useUnicode=true&characterEncoding=utf-8&serverTimezone=Asia/Shanghai, errorCode 1045, state 28000

java.sql.SQLException: Access denied for user 'root'@'localhost' (using password: YES)
	at com.mysql.cj.jdbc.exceptions.SQLError.createSQLException(SQLError.java:129)
	at com.mysql.cj.jdbc.exceptions.SQLError.createSQLException(SQLError.java:97)
	at com.mysql.cj.jdbc.exceptions.SQLExceptionsMapping.translateException(SQLExceptionsMapping.java:122)
	at com.mysql.cj.jdbc.ConnectionImpl.createNewIO(ConnectionImpl.java:835)
	at com.mysql.cj.jdbc.ConnectionImpl.<init>(ConnectionImpl.java:455)
	at com.mysql.cj.jdbc.ConnectionImpl.getInstance(ConnectionImpl.java:240)
	at com.mysql.cj.jdbc.NonRegisteringDriver.connect(NonRegisteringDriver.java:199)
	at com.alibaba.druid.filter.FilterChainImpl.connection_connect(FilterChainImpl.java:156)
	at com.alibaba.druid.filter.stat.StatFilter.connection_connect(StatFilter.java:218)
	at com.alibaba.druid.filter.FilterChainImpl.connection_connect(FilterChainImpl.java:150)
	at com.alibaba.druid.pool.DruidAbstractDataSource.createPhysicalConnection(DruidAbstractDataSource.java:1560)
	at com.alibaba.druid.pool.DruidAbstractDataSource.createPhysicalConnection(DruidAbstractDataSource.java:1623)
	at com.alibaba.druid.pool.DruidDataSource$CreateConnectionThread.run(DruidDataSource.java:2468)

